L-VAD1 : 몇초 전
L-VAD2 : 몇초 전
L-VAD3 : 7시간 전
L-VAD4 : 56분 전
L-VAD5 : 몇초 전
L-VAD7 : 19분 전
L-VAD8 : 몇초 전
L-VAD9 : 56분 전
L-VAD10 : 59분 전
L-VAD11 : 몇초 전
L-VAD16 : 9시간 전
L-VAD17 : 2시간 전
J-VAD10 : 몇초 전
J-VAD11 : 몇초 전
J-VAD12 : 몇초 전
J-VAD13 : 몇초 전
J-VAD14 : 몇초 전
J-VAD15 : 몇초 전
J-VAD16 : 24분 전
J-VAD17 : 몇초 전
J-VAD19 : 몇초 전
J-VAD20 : 3시간 전
Tapering1 : 16시간 전
L-Lathe4 : 몇초 전
L-Lathe5 : 17시간 전
L-Lathe6 : 18시간 전
L-Lathe8 : 몇초 전
L-Lathe9 : 42분 전
L-Lathe10 : 41분 전
L-Lathe12 : 17시간 전
L-Lathe13 : 4시간 전
L-Furnace5 : 몇초 전
L-Furnace6 : 몇초 전
L-Furnace7 : 몇초 전
L-Furnace8 : 몇초 전
L-Furnace9 : 몇초 전
L-Furnace10 : 몇초 전
L-Furnace11 : 3일 전
L-Furnace12 : 14시간 전
L-Furnace13 : 4시간 전
V-Furnace1 : 한시간 전
V-Furnace2 : 몇초 전
V-Furnace3 : 몇초 전
V-Furnace4 : 31분 전
R-Furnace2 : 16시간 전
R-Furnace3 : 몇초 전
R-Furnace4 : 16시간 전
R-Furnace5 : 하루 전
L-Drawing-2 : 몇초 전
L-Drawing-4 : 몇초 전
L-Drawing-5 : 몇초 전
L-Drawing-6 : 35분 전
L-Drawing-7 : 일분 전
L-Drawing-8 : 하루 전
L-Drawing-10 : 몇초 전
L-Drawing-11 : 8분 전
L-Drawing-12 : 몇초 전
T-Drawing-13 : 하루 전
T-Drawing-14 : 일분 전
T-Drawing-15 : 2시간 전
T-Drawing-16 : 몇초 전
N-Drawing-17 : 7일 전
N-Drawing-18 : 몇초 전
N-Drawing-20 : 몇초 전
Rewinding1 : 5분 전
Rewinding2 : 5분 전
Rewinding4 : 5일 전
Rewinding5 : 하루 전
Rewinding6 : 일분 전
Rewinding8 : 몇초 전
Rewinding9 : 4시간 전
Rewinding10 : 5일 전
Rewinding11 : 일분 전
Rewinding12 : 몇초 전
Rewinding13 : 6시간 전
Rewinding14 : 10분 전
Rewinding15 : 4시간 전
Rewinding16 : 3분 전
Rewinding17 : 2분 전
Rewinding27 : 3분 전
Rewinding28 : 몇초 전
Rewinding29 : 몇초 전
Rewinding30 : 5시간 전
Rewinding32 : 일분 전
Rewinding41 : 4일 전
Rewinding42 : 하루 전
Rewinding43 : 3시간 전
Rewinding44 : 5시간 전
