L-VAD1 : 13시간 전
L-VAD2 : 몇초 전
L-VAD3 : 몇초 전
L-VAD4 : 8일 전
L-VAD5 : 몇초 전
L-VAD7 : 몇초 전
L-VAD8 : 3시간 전
L-VAD9 : 2시간 전
L-VAD10 : 몇초 전
L-VAD11 : 몇초 전
L-VAD16 : 몇초 전
L-VAD17 : 몇초 전
L-VAD18 : 5일 전
J-VAD10 : 몇초 전
J-VAD11 : 몇초 전
J-VAD12 : 몇초 전
J-VAD13 : 몇초 전
J-VAD14 : 몇초 전
J-VAD15 : 몇초 전
J-VAD16 : 몇초 전
J-VAD17 : 몇초 전
J-VAD19 : 하루 전
J-VAD20 : 2일 전
Tapering1 : 2일 전
L-Lathe4 : 몇초 전
L-Lathe5 : 14일 전
L-Lathe6 : 16분 전
L-Lathe8 : 몇초 전
L-Lathe9 : 몇초 전
L-Lathe10 : 몇초 전
L-Lathe12 : 18시간 전
L-Lathe13 : 24분 전
L-Furnace5 : 8일 전
L-Furnace6 : 2시간 전
L-Furnace7 : 4시간 전
L-Furnace8 : 몇초 전
L-Furnace9 : 몇초 전
L-Furnace10 : 몇초 전
L-Furnace11 : 16일 전
L-Furnace12 : 4일 전
L-Furnace13 : 몇초 전
V-Furnace1 : 몇초 전
V-Furnace2 : 몇초 전
V-Furnace3 : 몇초 전
V-Furnace4 : 4분 전
R-Furnace2 : 6분 전
R-Furnace3 : 몇초 전
R-Furnace4 : 한시간 전
R-Furnace5 : 22시간 전
L-Drawing-2 : 몇초 전
L-Drawing-4 : 몇초 전
L-Drawing-5 : 몇초 전
L-Drawing-6 : 몇초 전
L-Drawing-7 : 5시간 전
L-Drawing-8 : 14일 전
L-Drawing-10 : 몇초 전
L-Drawing-11 : 몇초 전
L-Drawing-12 : 몇초 전
T-Drawing-13 : 몇초 전
T-Drawing-14 : 몇초 전
T-Drawing-15 : 몇초 전
T-Drawing-16 : 15분 전
N-Drawing-17 : 몇초 전
N-Drawing-18 : 몇초 전
N-Drawing-20 : 몇초 전
Rewinding1 : 7일 전
Rewinding2 : 7일 전
Rewinding4 : 7일 전
Rewinding5 : 하루 전
Rewinding6 : 43분 전
Rewinding8 : 몇초 전
Rewinding9 : 38분 전
Rewinding10 : 9시간 전
Rewinding11 : 4분 전
Rewinding12 : 4분 전
Rewinding13 : 몇초 전
Rewinding14 : 3분 전
Rewinding15 : 몇초 전
Rewinding16 : 몇초 전
Rewinding17 : 몇초 전
Rewinding25 : 11분 전
Rewinding26 : 19시간 전
Rewinding27 : 5분 전
Rewinding28 : 2분 전
Rewinding29 : 일분 전
Rewinding30 : 6분 전
Rewinding32 : 14시간 전
Rewinding41 : 34분 전
Rewinding42 : 5분 전
Rewinding43 : 5분 전
Rewinding44 : 몇초 전
