L-VAD1 : 몇초 전
L-VAD2 : 몇초 전
L-VAD3 : 몇초 전
L-VAD4 : 7일 전
L-VAD5 : 몇초 전
L-VAD7 : 몇초 전
L-VAD8 : 몇초 전
L-VAD9 : 몇초 전
L-VAD10 : 몇초 전
L-VAD11 : 몇초 전
L-VAD16 : 13시간 전
L-VAD17 : 17시간 전
L-VAD18 : 4일 전
J-VAD10 : 몇초 전
J-VAD11 : 몇초 전
J-VAD12 : 몇초 전
J-VAD13 : 몇초 전
J-VAD14 : 몇초 전
J-VAD15 : 몇초 전
J-VAD16 : 몇초 전
J-VAD17 : 몇초 전
J-VAD19 : 12시간 전
J-VAD20 : 하루 전
Tapering1 : 20시간 전
Sintering1 : 5일 전
L-Lathe4 : 몇초 전
L-Lathe5 : 13일 전
L-Lathe6 : 2시간 전
L-Lathe8 : 몇초 전
L-Lathe9 : 8분 전
L-Lathe10 : 7분 전
L-Lathe12 : 21시간 전
L-Lathe13 : 22분 전
L-Furnace5 : 7일 전
L-Furnace6 : 하루 전
L-Furnace7 : 6시간 전
L-Furnace8 : 몇초 전
L-Furnace9 : 몇초 전
L-Furnace10 : 몇초 전
L-Furnace11 : 15일 전
L-Furnace12 : 4일 전
L-Furnace13 : 몇초 전
V-Furnace1 : 몇초 전
V-Furnace2 : 3시간 전
V-Furnace3 : 몇초 전
V-Furnace4 : 38분 전
R-Furnace2 : 몇초 전
R-Furnace3 : 몇초 전
R-Furnace4 : 2시간 전
R-Furnace5 : 2시간 전
L-Drawing-2 : 몇초 전
L-Drawing-4 : 몇초 전
L-Drawing-5 : 몇초 전
L-Drawing-6 : 몇초 전
L-Drawing-7 : 몇초 전
L-Drawing-8 : 13일 전
L-Drawing-10 : 몇초 전
L-Drawing-11 : 몇초 전
L-Drawing-12 : 4시간 전
T-Drawing-13 : 몇초 전
T-Drawing-14 : 몇초 전
T-Drawing-15 : 몇초 전
T-Drawing-16 : 몇초 전
N-Drawing-17 : 몇초 전
N-Drawing-18 : 몇초 전
N-Drawing-20 : 몇초 전
Rewinding1 : 6일 전
Rewinding2 : 6일 전
Rewinding4 : 6일 전
Rewinding5 : 4시간 전
Rewinding6 : 14분 전
Rewinding8 : 14분 전
Rewinding9 : 몇초 전
Rewinding10 : 2일 전
Rewinding11 : 2분 전
Rewinding12 : 10분 전
Rewinding13 : 50분 전
Rewinding14 : 몇초 전
Rewinding15 : 몇초 전
Rewinding16 : 17시간 전
Rewinding17 : 몇초 전
Rewinding25 : 몇초 전
Rewinding26 : 몇초 전
Rewinding27 : 7시간 전
Rewinding28 : 14분 전
Rewinding29 : 4분 전
Rewinding30 : 2시간 전
Rewinding32 : 7시간 전
Rewinding41 : 12분 전
Rewinding42 : 19시간 전
Rewinding43 : 8시간 전
Rewinding44 : 19분 전
L-VAD1 : 몇초 전
L-VAD2 : 몇초 전
L-VAD3 : 몇초 전
L-VAD4 : 7일 전
L-VAD5 : 몇초 전
L-VAD7 : 몇초 전
L-VAD8 : 몇초 전
L-VAD9 : 몇초 전
L-VAD10 : 몇초 전
L-VAD11 : 몇초 전
L-VAD16 : 13시간 전
L-VAD17 : 17시간 전
L-VAD18 : 4일 전
J-VAD10 : 몇초 전
J-VAD11 : 몇초 전
J-VAD12 : 몇초 전
J-VAD13 : 몇초 전
J-VAD14 : 몇초 전
J-VAD15 : 몇초 전
J-VAD16 : 몇초 전
J-VAD17 : 몇초 전
J-VAD19 : 12시간 전
J-VAD20 : 하루 전
Tapering1 : 20시간 전
Sintering1 : 5일 전
L-Lathe4 : 몇초 전
L-Lathe5 : 13일 전
L-Lathe6 : 2시간 전
L-Lathe8 : 몇초 전
L-Lathe9 : 9분 전
L-Lathe10 : 8분 전
L-Lathe12 : 21시간 전
L-Lathe13 : 23분 전
L-Furnace5 : 7일 전
L-Furnace6 : 하루 전
L-Furnace7 : 6시간 전
L-Furnace8 : 몇초 전
L-Furnace9 : 몇초 전
L-Furnace10 : 몇초 전
L-Furnace11 : 15일 전
L-Furnace12 : 4일 전
L-Furnace13 : 몇초 전
V-Furnace1 : 몇초 전
V-Furnace2 : 3시간 전
V-Furnace3 : 몇초 전
V-Furnace4 : 39분 전
R-Furnace2 : 몇초 전
R-Furnace3 : 몇초 전
R-Furnace4 : 2시간 전
R-Furnace5 : 2시간 전
L-Drawing-2 : 몇초 전
L-Drawing-4 : 몇초 전
L-Drawing-5 : 몇초 전
L-Drawing-6 : 몇초 전
L-Drawing-7 : 몇초 전
L-Drawing-8 : 13일 전
L-Drawing-10 : 몇초 전
L-Drawing-11 : 몇초 전
L-Drawing-12 : 4시간 전
T-Drawing-13 : 몇초 전
T-Drawing-14 : 몇초 전
T-Drawing-15 : 몇초 전
T-Drawing-16 : 몇초 전
N-Drawing-17 : 몇초 전
N-Drawing-18 : 몇초 전
N-Drawing-20 : 몇초 전
Rewinding1 : 6일 전
Rewinding2 : 6일 전
Rewinding4 : 6일 전
Rewinding5 : 5시간 전
Rewinding6 : 15분 전
Rewinding8 : 15분 전
Rewinding9 : 몇초 전
Rewinding10 : 2일 전
Rewinding11 : 3분 전
Rewinding12 : 11분 전
Rewinding13 : 51분 전
Rewinding14 : 몇초 전
Rewinding15 : 일분 전
Rewinding16 : 17시간 전
Rewinding17 : 몇초 전
Rewinding25 : 몇초 전
Rewinding26 : 몇초 전
Rewinding27 : 7시간 전
Rewinding28 : 15분 전
Rewinding29 : 몇초 전
Rewinding30 : 2시간 전
Rewinding32 : 7시간 전
Rewinding41 : 13분 전
Rewinding42 : 19시간 전
Rewinding43 : 8시간 전
Rewinding44 : 20분 전
L-VAD1 : 몇초 전
L-VAD2 : 몇초 전
L-VAD3 : 몇초 전
L-VAD4 : 7일 전
L-VAD5 : 35분 전
L-VAD7 : 한시간 전
L-VAD8 : 몇초 전
L-VAD9 : 몇초 전
L-VAD10 : 몇초 전
L-VAD11 : 몇초 전
L-VAD16 : 15시간 전
L-VAD17 : 19시간 전
L-VAD18 : 4일 전
J-VAD10 : 몇초 전
J-VAD11 : 몇초 전
J-VAD12 : 몇초 전
J-VAD13 : 몇초 전
J-VAD14 : 몇초 전
J-VAD15 : 몇초 전
J-VAD16 : 몇초 전
J-VAD17 : 몇초 전
J-VAD19 : 14시간 전
J-VAD20 : 하루 전
Tapering1 : 21시간 전
Sintering1 : 5일 전
L-Lathe4 : 몇초 전
L-Lathe5 : 13일 전
L-Lathe6 : 15분 전
L-Lathe8 : 몇초 전
L-Lathe9 : 17분 전
L-Lathe10 : 16분 전
L-Lathe12 : 23시간 전
L-Lathe13 : 한시간 전
L-Furnace5 : 7일 전
L-Furnace6 : 하루 전
L-Furnace7 : 7시간 전
L-Furnace8 : 몇초 전
L-Furnace9 : 몇초 전
L-Furnace10 : 몇초 전
L-Furnace11 : 16일 전
L-Furnace12 : 4일 전
L-Furnace13 : 한시간 전
V-Furnace1 : 몇초 전
V-Furnace2 : 5시간 전
V-Furnace3 : 몇초 전
V-Furnace4 : 2시간 전
R-Furnace2 : 한시간 전
R-Furnace3 : 몇초 전
R-Furnace4 : 4시간 전
R-Furnace5 : 4시간 전
L-Drawing-2 : 42분 전
L-Drawing-4 : 몇초 전
L-Drawing-5 : 몇초 전
L-Drawing-6 : 몇초 전
L-Drawing-7 : 몇초 전
L-Drawing-8 : 13일 전
L-Drawing-10 : 몇초 전
L-Drawing-11 : 몇초 전
L-Drawing-12 : 6시간 전
T-Drawing-13 : 몇초 전
T-Drawing-14 : 몇초 전
T-Drawing-15 : 몇초 전
T-Drawing-16 : 몇초 전
N-Drawing-17 : 몇초 전
N-Drawing-18 : 몇초 전
N-Drawing-20 : 몇초 전
Rewinding1 : 6일 전
Rewinding2 : 6일 전
Rewinding4 : 6일 전
Rewinding5 : 6시간 전
Rewinding6 : 몇초 전
Rewinding8 : 일분 전
Rewinding9 : 7분 전
Rewinding10 : 2일 전
Rewinding11 : 3분 전
Rewinding12 : 6분 전
Rewinding13 : 5분 전
Rewinding14 : 몇초 전
Rewinding15 : 20분 전
Rewinding16 : 18시간 전
Rewinding17 : 10분 전
Rewinding25 : 몇초 전
Rewinding26 : 26분 전
Rewinding27 : 9시간 전
Rewinding28 : 2시간 전
Rewinding29 : 37분 전
Rewinding30 : 12분 전
Rewinding32 : 9시간 전
Rewinding41 : 26분 전
Rewinding42 : 20시간 전
Rewinding43 : 9시간 전
Rewinding44 : 10분 전
L-VAD1 : 몇초 전
L-VAD2 : 몇초 전
L-VAD3 : 몇초 전
L-VAD4 : 7일 전
L-VAD5 : 37분 전
L-VAD7 : 한시간 전
L-VAD8 : 몇초 전
L-VAD9 : 몇초 전
L-VAD10 : 몇초 전
L-VAD11 : 몇초 전
L-VAD16 : 15시간 전
L-VAD17 : 19시간 전
L-VAD18 : 4일 전
J-VAD10 : 몇초 전
J-VAD11 : 몇초 전
J-VAD12 : 몇초 전
J-VAD13 : 몇초 전
J-VAD14 : 몇초 전
J-VAD15 : 몇초 전
J-VAD16 : 몇초 전
J-VAD17 : 몇초 전
J-VAD19 : 14시간 전
J-VAD20 : 하루 전
Tapering1 : 21시간 전
Sintering1 : 5일 전
L-Lathe4 : 몇초 전
L-Lathe5 : 13일 전
L-Lathe6 : 16분 전
L-Lathe8 : 몇초 전
L-Lathe9 : 19분 전
L-Lathe10 : 18분 전
L-Lathe12 : 23시간 전
L-Lathe13 : 한시간 전
L-Furnace5 : 7일 전
L-Furnace6 : 하루 전
L-Furnace7 : 7시간 전
L-Furnace8 : 몇초 전
L-Furnace9 : 몇초 전
L-Furnace10 : 몇초 전
L-Furnace11 : 16일 전
L-Furnace12 : 4일 전
L-Furnace13 : 한시간 전
V-Furnace1 : 몇초 전
V-Furnace2 : 5시간 전
V-Furnace3 : 몇초 전
V-Furnace4 : 2시간 전
R-Furnace2 : 한시간 전
R-Furnace3 : 몇초 전
R-Furnace4 : 4시간 전
R-Furnace5 : 4시간 전
L-Drawing-2 : 44분 전
L-Drawing-4 : 몇초 전
L-Drawing-5 : 몇초 전
L-Drawing-6 : 몇초 전
L-Drawing-7 : 몇초 전
L-Drawing-8 : 13일 전
L-Drawing-10 : 몇초 전
L-Drawing-11 : 몇초 전
L-Drawing-12 : 6시간 전
T-Drawing-13 : 몇초 전
T-Drawing-14 : 몇초 전
T-Drawing-15 : 몇초 전
T-Drawing-16 : 몇초 전
N-Drawing-17 : 몇초 전
N-Drawing-18 : 몇초 전
N-Drawing-20 : 몇초 전
Rewinding1 : 6일 전
Rewinding2 : 6일 전
Rewinding4 : 6일 전
Rewinding5 : 6시간 전
Rewinding6 : 2분 전
Rewinding8 : 3분 전
Rewinding9 : 9분 전
Rewinding10 : 2일 전
Rewinding11 : 4분 전
Rewinding12 : 몇초 전
Rewinding13 : 7분 전
Rewinding14 : 몇초 전
Rewinding15 : 21분 전
Rewinding16 : 18시간 전
Rewinding17 : 11분 전
Rewinding25 : 몇초 전
Rewinding26 : 27분 전
Rewinding27 : 9시간 전
Rewinding28 : 2시간 전
Rewinding29 : 38분 전
Rewinding30 : 14분 전
Rewinding32 : 9시간 전
Rewinding41 : 28분 전
Rewinding42 : 20시간 전
Rewinding43 : 9시간 전
Rewinding44 : 11분 전
L-VAD1 : 몇초 전
L-VAD2 : 몇초 전
L-VAD3 : 몇초 전
L-VAD4 : 7일 전
L-VAD5 : 41분 전
L-VAD7 : 한시간 전
L-VAD8 : 몇초 전
L-VAD9 : 몇초 전
L-VAD10 : 몇초 전
L-VAD11 : 몇초 전
L-VAD16 : 15시간 전
L-VAD17 : 19시간 전
L-VAD18 : 4일 전
J-VAD10 : 몇초 전
J-VAD11 : 몇초 전
J-VAD12 : 몇초 전
J-VAD13 : 몇초 전
J-VAD14 : 몇초 전
J-VAD15 : 몇초 전
J-VAD16 : 몇초 전
J-VAD17 : 몇초 전
J-VAD19 : 14시간 전
J-VAD20 : 하루 전
Tapering1 : 21시간 전
Sintering1 : 5일 전
L-Lathe4 : 몇초 전
L-Lathe5 : 13일 전
L-Lathe6 : 20분 전
L-Lathe8 : 몇초 전
L-Lathe9 : 22분 전
L-Lathe10 : 21분 전
L-Lathe12 : 23시간 전
L-Lathe13 : 한시간 전
L-Furnace5 : 7일 전
L-Furnace6 : 하루 전
L-Furnace7 : 7시간 전
L-Furnace8 : 몇초 전
L-Furnace9 : 몇초 전
L-Furnace10 : 몇초 전
L-Furnace11 : 16일 전
L-Furnace12 : 4일 전
L-Furnace13 : 한시간 전
V-Furnace1 : 몇초 전
V-Furnace2 : 5시간 전
V-Furnace3 : 몇초 전
V-Furnace4 : 2시간 전
R-Furnace2 : 2시간 전
R-Furnace3 : 몇초 전
R-Furnace4 : 4시간 전
R-Furnace5 : 4시간 전
L-Drawing-2 : 47분 전
L-Drawing-4 : 몇초 전
L-Drawing-5 : 몇초 전
L-Drawing-6 : 몇초 전
L-Drawing-7 : 몇초 전
L-Drawing-8 : 13일 전
L-Drawing-10 : 몇초 전
L-Drawing-11 : 몇초 전
L-Drawing-12 : 6시간 전
T-Drawing-13 : 몇초 전
T-Drawing-14 : 몇초 전
T-Drawing-15 : 몇초 전
T-Drawing-16 : 몇초 전
N-Drawing-17 : 몇초 전
N-Drawing-18 : 몇초 전
N-Drawing-20 : 몇초 전
Rewinding1 : 6일 전
Rewinding2 : 6일 전
Rewinding4 : 6일 전
Rewinding5 : 6시간 전
Rewinding6 : 몇초 전
Rewinding8 : 6분 전
Rewinding9 : 12분 전
Rewinding10 : 2일 전
Rewinding11 : 3분 전
Rewinding12 : 몇초 전
Rewinding13 : 몇초 전
Rewinding14 : 몇초 전
Rewinding15 : 25분 전
Rewinding16 : 18시간 전
Rewinding17 : 15분 전
Rewinding25 : 4분 전
Rewinding26 : 31분 전
Rewinding27 : 9시간 전
Rewinding28 : 2시간 전
Rewinding29 : 42분 전
Rewinding30 : 몇초 전
Rewinding32 : 9시간 전
Rewinding41 : 31분 전
Rewinding42 : 20시간 전
Rewinding43 : 9시간 전
Rewinding44 : 15분 전
