L-VAD3 : 몇초 전
L-VAD4 : 4일 전
L-VAD5 : 몇초 전
L-VAD7 : 몇초 전
L-VAD8 : 몇초 전
L-VAD9 : 몇초 전
L-VAD10 : 몇초 전
L-VAD11 : 15시간 전
L-VAD15 : 5달 전
L-VAD16 : 3일 전
L-VAD17 : 몇초 전
L-VAD18 : 24일 전
J-VAD10 : 몇초 전
J-VAD11 : 3시간 전
J-VAD12 : 19시간 전
J-VAD13 : 몇초 전
J-VAD14 : 몇초 전
J-VAD15 : 몇초 전
J-VAD16 : 몇초 전
J-VAD17 : 몇초 전
J-VAD19 : 몇초 전
J-VAD20 : 몇초 전
Tapering1 : 22일 전
L-Lathe4 : 몇초 전
L-Lathe5 : 9일 전
L-Lathe6 : 몇초 전
L-Lathe7 : 3달 전
L-Lathe8 : 몇초 전
L-Lathe9 : 몇초 전
L-Lathe10 : 몇초 전
L-Lathe12 : 5일 전
L-Lathe13 : 2시간 전
L-Furnace4 : 16일 전
L-Furnace5 : 3일 전
L-Furnace6 : 7시간 전
L-Furnace7 : 몇초 전
L-Furnace8 : 몇초 전
L-Furnace9 : 몇초 전
L-Furnace10 : 몇초 전
L-Furnace11 : 8시간 전
L-Furnace12 : 몇초 전
L-Furnace13 : 2시간 전
V-Furnace1 : 몇초 전
V-Furnace2 : 2시간 전
V-Furnace3 : 몇초 전
V-Furnace4 : 몇초 전
R-Furnace2 : 한시간 전
R-Furnace3 : 몇초 전
R-Furnace4 : 몇초 전
R-Furnace5 : 5일 전
L-Drawing-1 : 일년 전
L-Drawing-2 : 29분 전
L-Drawing-3 : 2달 전
L-Drawing-4 : 몇초 전
L-Drawing-5 : 몇초 전
L-Drawing-6 : 몇초 전
L-Drawing-7 : 몇초 전
L-Drawing-9 : 일년 전
L-Drawing-10 : 몇초 전
L-Drawing-11 : 한시간 전
L-Drawing-12 : 3시간 전
T-Drawing-13 : 13시간 전
T-Drawing-14 : 8시간 전
T-Drawing-15 : 몇초 전
T-Drawing-16 : 몇초 전
N-Drawing-17 : 5일 전
N-Drawing-18 : 2시간 전
N-Drawing-19 : 일년 전
N-Drawing-20 : 몇초 전
Rewinding1 : 34분 전
Rewinding2 : 몇초 전
Rewinding4 : 2일 전
Rewinding5 : 몇초 전
Rewinding6 : 17시간 전
Rewinding7 : 한달 전
Rewinding8 : 몇초 전
Rewinding9 : 7시간 전
Rewinding10 : 2일 전
Rewinding11 : 하루 전
Rewinding12 : 몇초 전
Rewinding13 : 몇초 전
Rewinding14 : 47분 전
Rewinding15 : 2분 전
Rewinding16 : 몇초 전
Rewinding17 : 하루 전
Rewinding25 : 24일 전
Rewinding26 : 24일 전
Rewinding27 : 일분 전
Rewinding28 : 5분 전
Rewinding29 : 3분 전
Rewinding30 : 8시간 전
Rewinding31 : 4달 전
Rewinding32 : 3시간 전
Rewinding41 : 17시간 전
Rewinding42 : 몇초 전
Rewinding43 : 8시간 전
Rewinding44 : 5시간 전
