L-VAD1 : 12시간 전
L-VAD2 : 몇초 전
L-VAD3 : 몇초 전
L-VAD4 : 17일 전
L-VAD5 : 몇초 전
L-VAD7 : 몇초 전
L-VAD8 : 몇초 전
L-VAD9 : 몇초 전
L-VAD10 : 몇초 전
L-VAD11 : 몇초 전
L-VAD16 : 7일 전
L-VAD17 : 몇초 전
L-VAD18 : 몇초 전
J-VAD10 : 몇초 전
J-VAD11 : 몇초 전
J-VAD12 : 몇초 전
J-VAD13 : 몇초 전
J-VAD14 : 몇초 전
J-VAD15 : 몇초 전
J-VAD16 : 몇초 전
J-VAD17 : 몇초 전
J-VAD19 : 30분 전
J-VAD20 : 몇초 전
Tapering1 : 하루 전
Sintering1 : 15일 전
L-Lathe4 : 몇초 전
L-Lathe5 : 23일 전
L-Lathe6 : 21시간 전
L-Lathe8 : 몇초 전
L-Lathe9 : 2시간 전
L-Lathe10 : 2시간 전
L-Lathe12 : 9시간 전
L-Lathe13 : 7시간 전
L-Furnace5 : 17일 전
L-Furnace6 : 몇초 전
L-Furnace7 : 몇초 전
L-Furnace8 : 몇초 전
L-Furnace9 : 6시간 전
L-Furnace10 : 6시간 전
L-Furnace11 : 26일 전
L-Furnace12 : 3일 전
L-Furnace13 : 7시간 전
V-Furnace1 : 몇초 전
V-Furnace2 : 몇초 전
V-Furnace3 : 몇초 전
V-Furnace4 : 몇초 전
R-Furnace2 : 20시간 전
R-Furnace3 : 몇초 전
R-Furnace4 : 21시간 전
R-Furnace5 : 2일 전
L-Drawing-2 : 몇초 전
L-Drawing-4 : 몇초 전
L-Drawing-5 : 몇초 전
L-Drawing-6 : 몇초 전
L-Drawing-7 : 일분 전
L-Drawing-10 : 일분 전
L-Drawing-11 : 몇초 전
L-Drawing-12 : 몇초 전
T-Drawing-13 : 3일 전
T-Drawing-14 : 몇초 전
T-Drawing-15 : 몇초 전
T-Drawing-16 : 몇초 전
N-Drawing-17 : 몇초 전
N-Drawing-18 : 몇초 전
N-Drawing-20 : 몇초 전
Rewinding1 : 16일 전
Rewinding2 : 16일 전
Rewinding4 : 3분 전
Rewinding5 : 몇초 전
Rewinding6 : 5분 전
Rewinding8 : 17분 전
Rewinding9 : 2분 전
Rewinding10 : 몇초 전
Rewinding11 : 몇초 전
Rewinding12 : 3분 전
Rewinding13 : 몇초 전
Rewinding14 : 3분 전
Rewinding15 : 13분 전
Rewinding16 : 몇초 전
Rewinding17 : 몇초 전
Rewinding25 : 54분 전
Rewinding26 : 몇초 전
Rewinding27 : 몇초 전
Rewinding28 : 2분 전
Rewinding29 : 몇초 전
Rewinding30 : 3분 전
Rewinding32 : 10분 전
Rewinding41 : 일분 전
Rewinding42 : 일분 전
Rewinding43 : 38분 전
Rewinding44 : 2분 전
