L-VAD1 : 2시간 전
L-VAD2 : 몇초 전
L-VAD3 : 2일 전
L-VAD4 : 24일 전
L-VAD5 : 몇초 전
L-VAD7 : 57분 전
L-VAD8 : 하루 전
L-VAD9 : 2일 전
L-VAD10 : 몇초 전
L-VAD11 : 몇초 전
L-VAD16 : 14일 전
L-VAD17 : 하루 전
L-VAD18 : 하루 전
J-VAD10 : 몇초 전
J-VAD11 : 몇초 전
J-VAD12 : 몇초 전
J-VAD13 : 몇초 전
J-VAD14 : 몇초 전
J-VAD15 : 몇초 전
J-VAD16 : 몇초 전
J-VAD17 : 몇초 전
J-VAD19 : 몇초 전
J-VAD20 : 몇초 전
Tapering1 : 3일 전
Sintering1 : 22일 전
L-Lathe4 : 몇초 전
L-Lathe5 : 한달 전
L-Lathe6 : 5시간 전
L-Lathe8 : 몇초 전
L-Lathe9 : 몇초 전
L-Lathe10 : 몇초 전
L-Lathe12 : 2시간 전
L-Lathe13 : 13분 전
L-Furnace5 : 24일 전
L-Furnace6 : 몇초 전
L-Furnace7 : 28분 전
L-Furnace8 : 30분 전
L-Furnace9 : 2일 전
L-Furnace10 : 몇초 전
L-Furnace11 : 한달 전
L-Furnace12 : 3일 전
L-Furnace13 : 몇초 전
V-Furnace1 : 몇초 전
V-Furnace2 : 몇초 전
V-Furnace3 : 몇초 전
V-Furnace4 : 몇초 전
R-Furnace2 : 6시간 전
R-Furnace3 : 몇초 전
R-Furnace4 : 7시간 전
R-Furnace5 : 3일 전
L-Drawing-2 : 일분 전
L-Drawing-4 : 몇초 전
L-Drawing-5 : 몇초 전
L-Drawing-6 : 몇초 전
L-Drawing-7 : 일분 전
L-Drawing-8 : 13일 전
L-Drawing-10 : 일분 전
L-Drawing-11 : 19분 전
L-Drawing-12 : 몇초 전
T-Drawing-13 : 2일 전
T-Drawing-14 : 6시간 전
T-Drawing-15 : 몇초 전
T-Drawing-16 : 몇초 전
N-Drawing-17 : 몇초 전
N-Drawing-18 : 몇초 전
N-Drawing-19 : 몇초 전
N-Drawing-20 : 몇초 전
Rewinding1 : 23일 전
Rewinding2 : 23일 전
Rewinding4 : 2일 전
Rewinding5 : 2시간 전
Rewinding6 : 몇초 전
Rewinding8 : 21분 전
Rewinding9 : 27분 전
Rewinding10 : 6분 전
Rewinding11 : 2시간 전
Rewinding12 : 일분 전
Rewinding13 : 일분 전
Rewinding14 : 몇초 전
Rewinding15 : 46분 전
Rewinding16 : 2일 전
Rewinding17 : 2일 전
Rewinding25 : 18시간 전
Rewinding26 : 17시간 전
Rewinding27 : 몇초 전
Rewinding28 : 2분 전
Rewinding29 : 일분 전
Rewinding30 : 3분 전
Rewinding32 : 3분 전
Rewinding41 : 18시간 전
Rewinding42 : 일분 전
Rewinding43 : 9분 전
Rewinding44 : 몇초 전
