L-VAD1 : 몇초 전
L-VAD2 : 3시간 전
L-VAD3 : 몇초 전
L-VAD4 : 27일 전
L-VAD5 : 몇초 전
L-VAD7 : 2일 전
L-VAD8 : 4일 전
L-VAD9 : 3시간 전
L-VAD10 : 몇초 전
L-VAD11 : 10시간 전
L-VAD16 : 17일 전
L-VAD17 : 11시간 전
L-VAD18 : 몇초 전
J-VAD10 : 몇초 전
J-VAD11 : 한시간 전
J-VAD12 : 몇초 전
J-VAD13 : 몇초 전
J-VAD14 : 몇초 전
J-VAD15 : 몇초 전
J-VAD16 : 몇초 전
J-VAD17 : 몇초 전
J-VAD19 : 몇초 전
J-VAD20 : 몇초 전
Sintering1 : 25일 전
L-Lathe4 : 몇초 전
L-Lathe5 : 한달 전
L-Lathe6 : 4시간 전
L-Lathe8 : 몇초 전
L-Lathe9 : 2시간 전
L-Lathe10 : 2시간 전
L-Lathe12 : 2시간 전
L-Lathe13 : 일분 전
L-Furnace5 : 27일 전
L-Furnace6 : 몇초 전
L-Furnace7 : 몇초 전
L-Furnace8 : 몇초 전
L-Furnace9 : 6일 전
L-Furnace10 : 몇초 전
L-Furnace11 : 한달 전
L-Furnace12 : 몇초 전
L-Furnace13 : 몇초 전
V-Furnace1 : 2시간 전
V-Furnace2 : 한시간 전
V-Furnace3 : 한시간 전
V-Furnace4 : 몇초 전
R-Furnace2 : 3시간 전
R-Furnace3 : 몇초 전
R-Furnace4 : 6시간 전
R-Furnace5 : 6일 전
L-Drawing-2 : 몇초 전
L-Drawing-4 : 몇초 전
L-Drawing-5 : 몇초 전
L-Drawing-6 : 몇초 전
L-Drawing-7 : 몇초 전
L-Drawing-10 : 몇초 전
L-Drawing-11 : 몇초 전
L-Drawing-12 : 몇초 전
T-Drawing-13 : 하루 전
T-Drawing-14 : 몇초 전
T-Drawing-15 : 몇초 전
T-Drawing-16 : 2시간 전
N-Drawing-17 : 몇초 전
N-Drawing-18 : 몇초 전
N-Drawing-19 : 몇초 전
N-Drawing-20 : 몇초 전
Rewinding1 : 26일 전
Rewinding2 : 26일 전
Rewinding4 : 5일 전
Rewinding5 : 3일 전
Rewinding6 : 몇초 전
Rewinding8 : 30분 전
Rewinding9 : 몇초 전
Rewinding10 : 몇초 전
Rewinding11 : 일분 전
Rewinding12 : 몇초 전
Rewinding13 : 일분 전
Rewinding14 : 몇초 전
Rewinding15 : 13분 전
Rewinding16 : 5일 전
Rewinding17 : 5일 전
Rewinding25 : 4분 전
Rewinding26 : 몇초 전
Rewinding27 : 몇초 전
Rewinding28 : 3분 전
Rewinding29 : 2분 전
Rewinding30 : 10분 전
Rewinding32 : 2분 전
Rewinding41 : 2분 전
Rewinding42 : 3분 전
Rewinding43 : 14분 전
Rewinding44 : 몇초 전
