L-VAD1 : 몇초 전
L-VAD2 : 몇초 전
L-VAD3 : 48분 전
L-VAD4 : 29일 전
L-VAD5 : 몇초 전
L-VAD7 : 몇초 전
L-VAD8 : 6일 전
L-VAD9 : 몇초 전
L-VAD10 : 몇초 전
L-VAD11 : 몇초 전
L-VAD16 : 19일 전
L-VAD17 : 몇초 전
L-VAD18 : 하루 전
J-VAD10 : 몇초 전
J-VAD11 : 몇초 전
J-VAD12 : 한시간 전
J-VAD13 : 36분 전
J-VAD14 : 몇초 전
J-VAD15 : 몇초 전
J-VAD16 : 몇초 전
J-VAD17 : 몇초 전
J-VAD19 : 몇초 전
J-VAD20 : 몇초 전
L-Lathe4 : 몇초 전
L-Lathe5 : 한달 전
L-Lathe6 : 몇초 전
L-Lathe8 : 몇초 전
L-Lathe9 : 30분 전
L-Lathe10 : 31분 전
L-Lathe12 : 한시간 전
L-Lathe13 : 한시간 전
L-Furnace5 : 29일 전
L-Furnace6 : 9시간 전
L-Furnace7 : 몇초 전
L-Furnace8 : 몇초 전
L-Furnace9 : 7일 전
L-Furnace10 : 몇초 전
L-Furnace12 : 2일 전
L-Furnace13 : 한시간 전
V-Furnace1 : 몇초 전
V-Furnace2 : 몇초 전
V-Furnace3 : 15분 전
V-Furnace4 : 5분 전
R-Furnace2 : 한시간 전
R-Furnace3 : 몇초 전
R-Furnace4 : 몇초 전
R-Furnace5 : 8일 전
L-Drawing-2 : 몇초 전
L-Drawing-4 : 몇초 전
L-Drawing-5 : 몇초 전
L-Drawing-6 : 몇초 전
L-Drawing-7 : 몇초 전
L-Drawing-10 : 몇초 전
L-Drawing-11 : 몇초 전
L-Drawing-12 : 몇초 전
T-Drawing-13 : 몇초 전
T-Drawing-14 : 3시간 전
T-Drawing-15 : 4시간 전
T-Drawing-16 : 몇초 전
N-Drawing-17 : 몇초 전
N-Drawing-18 : 몇초 전
N-Drawing-19 : 몇초 전
N-Drawing-20 : 몇초 전
Rewinding1 : 21분 전
Rewinding2 : 28일 전
Rewinding4 : 7일 전
Rewinding5 : 5일 전
Rewinding6 : 몇초 전
Rewinding8 : 22분 전
Rewinding9 : 몇초 전
Rewinding10 : 4분 전
Rewinding11 : 일분 전
Rewinding12 : 몇초 전
Rewinding13 : 2분 전
Rewinding14 : 2분 전
Rewinding15 : 4분 전
Rewinding16 : 2시간 전
Rewinding17 : 몇초 전
Rewinding25 : 2일 전
Rewinding26 : 2일 전
Rewinding27 : 2분 전
Rewinding28 : 11분 전
Rewinding29 : 4분 전
Rewinding30 : 일분 전
Rewinding32 : 몇초 전
Rewinding41 : 2일 전
Rewinding42 : 6분 전
Rewinding43 : 29분 전
Rewinding44 : 4분 전
