L-VAD1 : 몇초 전
L-VAD2 : 몇초 전
L-VAD3 : 몇초 전
L-VAD4 : 22일 전
L-VAD5 : 몇초 전
L-VAD7 : 15분 전
L-VAD8 : 몇초 전
L-VAD9 : 7시간 전
L-VAD10 : 몇초 전
L-VAD11 : 몇초 전
L-VAD16 : 12일 전
L-VAD17 : 몇초 전
L-VAD18 : 몇초 전
J-VAD10 : 몇초 전
J-VAD11 : 몇초 전
J-VAD12 : 몇초 전
J-VAD13 : 몇초 전
J-VAD14 : 몇초 전
J-VAD15 : 몇초 전
J-VAD16 : 몇초 전
J-VAD17 : 몇초 전
J-VAD19 : 3시간 전
J-VAD20 : 몇초 전
Tapering1 : 20시간 전
L-Lathe4 : 몇초 전
L-Lathe5 : 28일 전
L-Lathe6 : 9시간 전
L-Lathe8 : 몇초 전
L-Lathe9 : 몇초 전
L-Lathe10 : 몇초 전
L-Lathe12 : 4시간 전
L-Lathe13 : 3시간 전
L-Furnace5 : 22일 전
L-Furnace6 : 16시간 전
L-Furnace7 : 몇초 전
L-Furnace8 : 3시간 전
L-Furnace9 : 14시간 전
L-Furnace10 : 몇초 전
L-Furnace11 : 한달 전
L-Furnace12 : 16시간 전
L-Furnace13 : 3시간 전
V-Furnace1 : 몇초 전
V-Furnace2 : 몇초 전
V-Furnace3 : 4시간 전
V-Furnace4 : 5시간 전
R-Furnace2 : 15분 전
R-Furnace3 : 몇초 전
R-Furnace4 : 11시간 전
R-Furnace5 : 하루 전
L-Drawing-2 : 몇초 전
L-Drawing-4 : 몇초 전
L-Drawing-5 : 몇초 전
L-Drawing-6 : 12분 전
L-Drawing-7 : 몇초 전
L-Drawing-10 : 몇초 전
L-Drawing-11 : 몇초 전
L-Drawing-12 : 몇초 전
T-Drawing-13 : 3시간 전
T-Drawing-14 : 몇초 전
T-Drawing-15 : 몇초 전
T-Drawing-16 : 몇초 전
N-Drawing-17 : 몇초 전
N-Drawing-18 : 몇초 전
N-Drawing-19 : 몇초 전
N-Drawing-20 : 3시간 전
Rewinding1 : 21일 전
Rewinding2 : 21일 전
Rewinding4 : 몇초 전
Rewinding5 : 몇초 전
Rewinding6 : 5분 전
Rewinding8 : 몇초 전
Rewinding9 : 몇초 전
Rewinding10 : 4일 전
Rewinding11 : 몇초 전
Rewinding12 : 몇초 전
Rewinding13 : 16시간 전
Rewinding14 : 몇초 전
Rewinding15 : 몇초 전
Rewinding16 : 7시간 전
Rewinding17 : 8시간 전
Rewinding25 : 몇초 전
Rewinding26 : 몇초 전
Rewinding27 : 4분 전
Rewinding28 : 12분 전
Rewinding29 : 7분 전
Rewinding30 : 몇초 전
Rewinding32 : 4분 전
Rewinding41 : 5분 전
Rewinding42 : 5분 전
Rewinding43 : 31분 전
Rewinding44 : 2분 전
