L-VAD1 : 몇초 전
L-VAD2 : 몇초 전
L-VAD3 : 2시간 전
L-VAD4 : 28일 전
L-VAD5 : 몇초 전
L-VAD7 : 3일 전
L-VAD8 : 5일 전
L-VAD9 : 몇초 전
L-VAD10 : 몇초 전
L-VAD11 : 몇초 전
L-VAD16 : 18일 전
L-VAD17 : 몇초 전
L-VAD18 : 9시간 전
J-VAD10 : 몇초 전
J-VAD11 : 몇초 전
J-VAD12 : 몇초 전
J-VAD13 : 몇초 전
J-VAD14 : 몇초 전
J-VAD15 : 몇초 전
J-VAD16 : 몇초 전
J-VAD17 : 몇초 전
J-VAD19 : 12시간 전
J-VAD20 : 14시간 전
L-Lathe4 : 몇초 전
L-Lathe5 : 한달 전
L-Lathe6 : 24분 전
L-Lathe8 : 몇초 전
L-Lathe9 : 몇초 전
L-Lathe10 : 몇초 전
L-Lathe12 : 36분 전
L-Lathe13 : 9시간 전
L-Furnace5 : 28일 전
L-Furnace6 : 3시간 전
L-Furnace7 : 몇초 전
L-Furnace8 : 몇초 전
L-Furnace9 : 6일 전
L-Furnace10 : 몇초 전
L-Furnace11 : 한달 전
L-Furnace12 : 14시간 전
L-Furnace13 : 9시간 전
V-Furnace1 : 4분 전
V-Furnace2 : 몇초 전
V-Furnace3 : 몇초 전
V-Furnace4 : 2시간 전
R-Furnace2 : 한시간 전
R-Furnace3 : 몇초 전
R-Furnace4 : 2시간 전
R-Furnace5 : 7일 전
L-Drawing-2 : 몇초 전
L-Drawing-4 : 몇초 전
L-Drawing-5 : 몇초 전
L-Drawing-6 : 몇초 전
L-Drawing-7 : 몇초 전
L-Drawing-10 : 몇초 전
L-Drawing-11 : 몇초 전
L-Drawing-12 : 몇초 전
T-Drawing-13 : 몇초 전
T-Drawing-14 : 몇초 전
T-Drawing-15 : 한시간 전
T-Drawing-16 : 몇초 전
N-Drawing-17 : 몇초 전
N-Drawing-18 : 몇초 전
N-Drawing-19 : 몇초 전
N-Drawing-20 : 몇초 전
Rewinding1 : 27일 전
Rewinding2 : 27일 전
Rewinding4 : 6일 전
Rewinding5 : 4일 전
Rewinding6 : 몇초 전
Rewinding8 : 몇초 전
Rewinding9 : 5분 전
Rewinding10 : 몇초 전
Rewinding11 : 몇초 전
Rewinding12 : 몇초 전
Rewinding13 : 한시간 전
Rewinding14 : 4분 전
Rewinding15 : 몇초 전
Rewinding16 : 6일 전
Rewinding17 : 6일 전
Rewinding25 : 18시간 전
Rewinding26 : 17시간 전
Rewinding27 : 19분 전
Rewinding28 : 4분 전
Rewinding29 : 몇초 전
Rewinding30 : 5분 전
Rewinding32 : 한시간 전
Rewinding41 : 17시간 전
Rewinding42 : 3분 전
Rewinding43 : 25분 전
Rewinding44 : 9분 전
