L-VAD1 : 2일 전
L-VAD2 : 몇초 전
L-VAD3 : 8일 전
L-VAD4 : 6일 전
L-VAD5 : 몇초 전
L-VAD7 : 몇초 전
L-VAD8 : 몇초 전
L-VAD9 : 몇초 전
L-VAD10 : 몇초 전
L-VAD11 : 몇초 전
L-VAD16 : 몇초 전
L-VAD17 : 몇초 전
L-VAD18 : 3일 전
J-VAD10 : 몇초 전
J-VAD11 : 몇초 전
J-VAD12 : 몇초 전
J-VAD13 : 몇초 전
J-VAD14 : 몇초 전
J-VAD15 : 몇초 전
J-VAD16 : 몇초 전
J-VAD17 : 몇초 전
J-VAD19 : 몇초 전
J-VAD20 : 55분 전
Tapering1 : 3일 전
Sintering1 : 4일 전
L-Lathe4 : 몇초 전
L-Lathe5 : 12일 전
L-Lathe6 : 10분 전
L-Lathe8 : 몇초 전
L-Lathe9 : 15분 전
L-Lathe10 : 15분 전
L-Lathe12 : 2일 전
L-Lathe13 : 18분 전
L-Furnace5 : 6일 전
L-Furnace6 : 2시간 전
L-Furnace7 : 2일 전
L-Furnace8 : 6시간 전
L-Furnace9 : 몇초 전
L-Furnace10 : 몇초 전
L-Furnace11 : 14일 전
L-Furnace12 : 3일 전
L-Furnace13 : 몇초 전
V-Furnace1 : 몇초 전
V-Furnace2 : 몇초 전
V-Furnace3 : 몇초 전
V-Furnace4 : 몇초 전
R-Furnace2 : 몇초 전
R-Furnace3 : 몇초 전
R-Furnace4 : 2시간 전
R-Furnace5 : 3일 전
L-Drawing-2 : 몇초 전
L-Drawing-4 : 25분 전
L-Drawing-5 : 몇초 전
L-Drawing-6 : 2시간 전
L-Drawing-7 : 몇초 전
L-Drawing-8 : 12일 전
L-Drawing-10 : 몇초 전
L-Drawing-11 : 몇초 전
L-Drawing-12 : 몇초 전
T-Drawing-13 : 몇초 전
T-Drawing-14 : 몇초 전
T-Drawing-15 : 몇초 전
T-Drawing-16 : 몇초 전
N-Drawing-17 : 몇초 전
N-Drawing-18 : 몇초 전
N-Drawing-20 : 몇초 전
Rewinding1 : 5일 전
Rewinding2 : 5일 전
Rewinding4 : 5일 전
Rewinding5 : 몇초 전
Rewinding6 : 6분 전
Rewinding8 : 3시간 전
Rewinding9 : 몇초 전
Rewinding10 : 22시간 전
Rewinding11 : 4시간 전
Rewinding12 : 2시간 전
Rewinding13 : 4분 전
Rewinding14 : 몇초 전
Rewinding15 : 몇초 전
Rewinding16 : 7시간 전
Rewinding17 : 7분 전
Rewinding25 : 몇초 전
Rewinding26 : 2분 전
Rewinding27 : 3일 전
Rewinding28 : 3시간 전
Rewinding29 : 5분 전
Rewinding30 : 27분 전
Rewinding32 : 11시간 전
Rewinding41 : 몇초 전
Rewinding42 : 9시간 전
Rewinding43 : 7시간 전
Rewinding44 : 9분 전
L-VAD1 : 2일 전
L-VAD2 : 몇초 전
L-VAD3 : 8일 전
L-VAD4 : 6일 전
L-VAD5 : 몇초 전
L-VAD7 : 몇초 전
L-VAD8 : 몇초 전
L-VAD9 : 몇초 전
L-VAD10 : 몇초 전
L-VAD11 : 몇초 전
L-VAD16 : 몇초 전
L-VAD17 : 몇초 전
L-VAD18 : 3일 전
J-VAD10 : 몇초 전
J-VAD11 : 몇초 전
J-VAD12 : 3분 전
J-VAD13 : 몇초 전
J-VAD14 : 몇초 전
J-VAD15 : 몇초 전
J-VAD16 : 몇초 전
J-VAD17 : 몇초 전
J-VAD19 : 몇초 전
J-VAD20 : 한시간 전
Tapering1 : 3일 전
Sintering1 : 4일 전
L-Lathe4 : 몇초 전
L-Lathe5 : 12일 전
L-Lathe6 : 22분 전
L-Lathe8 : 몇초 전
L-Lathe9 : 27분 전
L-Lathe10 : 26분 전
L-Lathe12 : 2일 전
L-Lathe13 : 30분 전
L-Furnace5 : 6일 전
L-Furnace6 : 2시간 전
L-Furnace7 : 2일 전
L-Furnace8 : 7시간 전
L-Furnace9 : 몇초 전
L-Furnace10 : 몇초 전
L-Furnace11 : 14일 전
L-Furnace12 : 3일 전
L-Furnace13 : 몇초 전
V-Furnace1 : 몇초 전
V-Furnace2 : 몇초 전
V-Furnace3 : 몇초 전
V-Furnace4 : 몇초 전
R-Furnace2 : 몇초 전
R-Furnace3 : 몇초 전
R-Furnace4 : 2시간 전
R-Furnace5 : 3일 전
L-Drawing-2 : 몇초 전
L-Drawing-4 : 36분 전
L-Drawing-5 : 몇초 전
L-Drawing-6 : 몇초 전
L-Drawing-7 : 몇초 전
L-Drawing-8 : 12일 전
L-Drawing-10 : 몇초 전
L-Drawing-11 : 몇초 전
L-Drawing-12 : 몇초 전
T-Drawing-13 : 몇초 전
T-Drawing-14 : 몇초 전
T-Drawing-15 : 몇초 전
T-Drawing-16 : 몇초 전
N-Drawing-17 : 몇초 전
N-Drawing-18 : 몇초 전
N-Drawing-20 : 몇초 전
Rewinding1 : 5일 전
Rewinding2 : 5일 전
Rewinding4 : 5일 전
Rewinding5 : 10분 전
Rewinding6 : 몇초 전
Rewinding8 : 3시간 전
Rewinding9 : 일분 전
Rewinding10 : 23시간 전
Rewinding11 : 4시간 전
Rewinding12 : 2시간 전
Rewinding13 : 몇초 전
Rewinding14 : 몇초 전
Rewinding15 : 11분 전
Rewinding16 : 7시간 전
Rewinding17 : 몇초 전
Rewinding25 : 몇초 전
Rewinding26 : 13분 전
Rewinding27 : 3일 전
Rewinding28 : 4시간 전
Rewinding29 : 17분 전
Rewinding30 : 39분 전
Rewinding32 : 11시간 전
Rewinding41 : 5분 전
Rewinding42 : 9시간 전
Rewinding43 : 7시간 전
Rewinding44 : 21분 전
