L-VAD1 : 몇초 전
L-VAD2 : 몇초 전
L-VAD3 : 3일 전
L-VAD4 : 13일 전
L-VAD5 : 몇초 전
L-VAD7 : 9분 전
L-VAD8 : 몇초 전
L-VAD9 : 몇초 전
L-VAD10 : 몇초 전
L-VAD11 : 몇초 전
L-VAD16 : 3일 전
L-VAD17 : 몇초 전
L-VAD18 : 3일 전
J-VAD10 : 몇초 전
J-VAD11 : 몇초 전
J-VAD12 : 몇초 전
J-VAD13 : 몇초 전
J-VAD14 : 몇초 전
J-VAD15 : 몇초 전
J-VAD16 : 몇초 전
J-VAD17 : 몇초 전
J-VAD19 : 몇초 전
J-VAD20 : 몇초 전
Tapering1 : 3일 전
L-Lathe4 : 몇초 전
L-Lathe5 : 19일 전
L-Lathe6 : 18시간 전
L-Lathe8 : 몇초 전
L-Lathe9 : 몇초 전
L-Lathe10 : 몇초 전
L-Lathe12 : 2일 전
L-Lathe13 : 35분 전
L-Furnace5 : 13일 전
L-Furnace6 : 53분 전
L-Furnace7 : 몇초 전
L-Furnace8 : 32분 전
L-Furnace9 : 몇초 전
L-Furnace10 : 몇초 전
L-Furnace11 : 21일 전
L-Furnace12 : 5일 전
L-Furnace13 : 몇초 전
V-Furnace1 : 3시간 전
V-Furnace2 : 몇초 전
V-Furnace3 : 3시간 전
V-Furnace4 : 몇초 전
R-Furnace2 : 21시간 전
R-Furnace3 : 몇초 전
R-Furnace4 : 18시간 전
R-Furnace5 : 4일 전
L-Drawing-2 : 몇초 전
L-Drawing-4 : 몇초 전
L-Drawing-5 : 몇초 전
L-Drawing-6 : 몇초 전
L-Drawing-7 : 몇초 전
L-Drawing-8 : 2일 전
L-Drawing-10 : 몇초 전
L-Drawing-11 : 몇초 전
L-Drawing-12 : 한시간 전
T-Drawing-13 : 몇초 전
T-Drawing-14 : 몇초 전
T-Drawing-15 : 몇초 전
T-Drawing-16 : 몇초 전
N-Drawing-17 : 몇초 전
N-Drawing-18 : 몇초 전
N-Drawing-20 : 몇초 전
Rewinding1 : 12일 전
Rewinding2 : 12일 전
Rewinding4 : 2일 전
Rewinding5 : 2일 전
Rewinding6 : 5분 전
Rewinding8 : 하루 전
Rewinding9 : 몇초 전
Rewinding10 : 하루 전
Rewinding11 : 몇초 전
Rewinding12 : 2분 전
Rewinding13 : 몇초 전
Rewinding14 : 52분 전
Rewinding15 : 7분 전
Rewinding16 : 몇초 전
Rewinding17 : 10시간 전
Rewinding25 : 18분 전
Rewinding26 : 8분 전
Rewinding27 : 몇초 전
Rewinding28 : 13분 전
Rewinding29 : 몇초 전
Rewinding30 : 3분 전
Rewinding32 : 4시간 전
Rewinding41 : 일분 전
Rewinding42 : 5분 전
Rewinding43 : 9시간 전
Rewinding44 : 몇초 전
