L-VAD1 : 몇초 전
L-VAD2 : 몇초 전
L-VAD3 : 몇초 전
L-VAD4 : 14일 전
L-VAD5 : 몇초 전
L-VAD7 : 몇초 전
L-VAD8 : 3시간 전
L-VAD9 : 몇초 전
L-VAD10 : 몇초 전
L-VAD11 : 몇초 전
L-VAD16 : 4일 전
L-VAD17 : 몇초 전
L-VAD18 : 12시간 전
J-VAD10 : 한시간 전
J-VAD11 : 몇초 전
J-VAD12 : 몇초 전
J-VAD13 : 몇초 전
J-VAD14 : 몇초 전
J-VAD15 : 몇초 전
J-VAD16 : 몇초 전
J-VAD17 : 몇초 전
J-VAD19 : 몇초 전
J-VAD20 : 몇초 전
Tapering1 : 4일 전
Sintering1 : 12일 전
L-Lathe4 : 몇초 전
L-Lathe5 : 20일 전
L-Lathe6 : 15시간 전
L-Lathe8 : 몇초 전
L-Lathe9 : 2시간 전
L-Lathe10 : 2시간 전
L-Lathe12 : 3시간 전
L-Lathe13 : 한시간 전
L-Furnace5 : 14일 전
L-Furnace6 : 6시간 전
L-Furnace7 : 몇초 전
L-Furnace8 : 몇초 전
L-Furnace9 : 몇초 전
L-Furnace10 : 몇초 전
L-Furnace11 : 22일 전
L-Furnace12 : 몇초 전
L-Furnace13 : 한시간 전
V-Furnace1 : 몇초 전
V-Furnace2 : 몇초 전
V-Furnace3 : 한시간 전
V-Furnace4 : 몇초 전
R-Furnace2 : 16시간 전
R-Furnace3 : 몇초 전
R-Furnace4 : 17시간 전
R-Furnace5 : 5일 전
L-Drawing-2 : 몇초 전
L-Drawing-4 : 5시간 전
L-Drawing-5 : 몇초 전
L-Drawing-6 : 4시간 전
L-Drawing-7 : 몇초 전
L-Drawing-8 : 3일 전
L-Drawing-10 : 몇초 전
L-Drawing-11 : 몇초 전
L-Drawing-12 : 몇초 전
T-Drawing-13 : 몇초 전
T-Drawing-14 : 몇초 전
T-Drawing-15 : 몇초 전
T-Drawing-16 : 몇초 전
N-Drawing-17 : 몇초 전
N-Drawing-18 : 몇초 전
N-Drawing-20 : 몇초 전
Rewinding1 : 13일 전
Rewinding2 : 13일 전
Rewinding4 : 4시간 전
Rewinding5 : 2시간 전
Rewinding6 : 48분 전
Rewinding8 : 일분 전
Rewinding9 : 몇초 전
Rewinding10 : 12시간 전
Rewinding11 : 몇초 전
Rewinding12 : 2분 전
Rewinding13 : 13분 전
Rewinding14 : 23분 전
Rewinding15 : 몇초 전
Rewinding16 : 15분 전
Rewinding17 : 몇초 전
Rewinding25 : 몇초 전
Rewinding26 : 몇초 전
Rewinding27 : 5분 전
Rewinding28 : 5분 전
Rewinding29 : 일분 전
Rewinding30 : 20분 전
Rewinding32 : 40분 전
Rewinding41 : 9분 전
Rewinding42 : 2분 전
Rewinding43 : 33분 전
Rewinding44 : 4분 전
