L-VAD1 : 55분 전
L-VAD2 : 몇초 전
L-VAD3 : 몇초 전
L-VAD4 : 2일 전
L-VAD5 : 몇초 전
L-VAD7 : 몇초 전
L-VAD8 : 몇초 전
L-VAD9 : 몇초 전
L-VAD10 : 몇초 전
L-VAD11 : 몇초 전
L-VAD12 : 11달 전
L-VAD13 : 일년 전
L-VAD14 : 일년 전
L-VAD15 : 4달 전
L-VAD16 : 하루 전
L-VAD17 : 2일 전
L-VAD18 : 40분 전
J-VAD10 : 몇초 전
J-VAD11 : 몇초 전
J-VAD12 : 4달 전
J-VAD13 : 57분 전
J-VAD14 : 몇초 전
J-VAD15 : 몇초 전
J-VAD16 : 몇초 전
J-VAD17 : 몇초 전
J-VAD19 : 몇초 전
J-VAD20 : 2시간 전
Tapering1 : 8일 전
Sintering1 : 8달 전
L-Lathe4 : 몇초 전
L-Lathe5 : 7일 전
L-Lathe6 : 14시간 전
L-Lathe7 : 2달 전
L-Lathe8 : 몇초 전
L-Lathe9 : 몇초 전
L-Lathe10 : 몇초 전
L-Lathe11 : 일년 전
L-Lathe12 : 2일 전
L-Lathe13 : 27분 전
L-Furnace2 : 29일 전
L-Furnace4 : 11달 전
L-Furnace5 : 8시간 전
L-Furnace6 : 몇초 전
L-Furnace7 : 몇초 전
L-Furnace8 : 몇초 전
L-Furnace9 : 몇초 전
L-Furnace10 : 몇초 전
L-Furnace11 : 한달 전
L-Furnace12 : 하루 전
L-Furnace13 : 몇초 전
V-Furnace1 : 몇초 전
V-Furnace2 : 몇초 전
V-Furnace3 : 2일 전
V-Furnace4 : 몇초 전
R-Furnace2 : 2일 전
R-Furnace3 : 몇초 전
R-Furnace4 : 3일 전
R-Furnace5 : 2일 전
L-Drawing-1 : 일년 전
L-Drawing-2 : 몇초 전
L-Drawing-3 : 11일 전
L-Drawing-4 : 몇초 전
L-Drawing-5 : 몇초 전
L-Drawing-6 : 몇초 전
L-Drawing-7 : 몇초 전
L-Drawing-8 : 5달 전
L-Drawing-9 : 일년 전
L-Drawing-10 : 한시간 전
L-Drawing-11 : 몇초 전
L-Drawing-12 : 몇초 전
T-Drawing-13 : 몇초 전
T-Drawing-14 : 몇초 전
T-Drawing-15 : 2시간 전
T-Drawing-16 : 몇초 전
N-Drawing-17 : 2일 전
N-Drawing-18 : 몇초 전
N-Drawing-19 : 일년 전
N-Drawing-20 : 몇초 전
N-Drawing-21 : 2년 전
N-Drawing-22 : 2년 전
Rewinding1 : 15일 전
Rewinding2 : 48분 전
Rewinding4 : 몇초 전
Rewinding5 : 몇초 전
Rewinding6 : 몇초 전
Rewinding7 : 일분 전
Rewinding8 : 17시간 전
Rewinding9 : 몇초 전
Rewinding10 : 3분 전
Rewinding11 : 6분 전
Rewinding12 : 5분 전
Rewinding13 : 38분 전
Rewinding14 : 13분 전
Rewinding15 : 몇초 전
Rewinding16 : 3분 전
Rewinding17 : 6분 전
Rewinding25 : 15일 전
Rewinding26 : 6일 전
Rewinding27 : 몇초 전
Rewinding28 : 일분 전
Rewinding29 : 5분 전
Rewinding30 : 7분 전
Rewinding31 : 2달 전
Rewinding32 : 일분 전
Rewinding33 : 일년 전
Rewinding34 : 2년 전
Rewinding35 : 2년 전
Rewinding36 : 2년 전
Rewinding38 : 11달 전
Rewinding39 : 11달 전
Rewinding40 : 11달 전
Rewinding41 : 2일 전
Rewinding42 : 11분 전
Rewinding43 : 9분 전
Rewinding44 : 몇초 전
