L-VAD1 : 41분 전
L-VAD2 : 몇초 전
L-VAD3 : 몇초 전
L-VAD4 : 16일 전
L-VAD5 : 몇초 전
L-VAD7 : 6시간 전
L-VAD8 : 42분 전
L-VAD9 : 2시간 전
L-VAD10 : 몇초 전
L-VAD11 : 몇초 전
L-VAD16 : 6일 전
L-VAD17 : 2시간 전
L-VAD18 : 2일 전
J-VAD10 : 몇초 전
J-VAD11 : 몇초 전
J-VAD12 : 몇초 전
J-VAD13 : 몇초 전
J-VAD14 : 몇초 전
J-VAD15 : 몇초 전
J-VAD16 : 몇초 전
J-VAD17 : 몇초 전
J-VAD19 : 한시간 전
J-VAD20 : 몇초 전
Tapering1 : 2일 전
Sintering1 : 14일 전
L-Lathe4 : 몇초 전
L-Lathe5 : 22일 전
L-Lathe6 : 13시간 전
L-Lathe8 : 몇초 전
L-Lathe9 : 몇초 전
L-Lathe10 : 몇초 전
L-Lathe12 : 20시간 전
L-Lathe13 : 13분 전
L-Furnace5 : 16일 전
L-Furnace6 : 몇초 전
L-Furnace7 : 몇초 전
L-Furnace8 : 몇초 전
L-Furnace9 : 몇초 전
L-Furnace10 : 몇초 전
L-Furnace11 : 24일 전
L-Furnace12 : 2일 전
L-Furnace13 : 몇초 전
V-Furnace1 : 몇초 전
V-Furnace2 : 몇초 전
V-Furnace3 : 몇초 전
V-Furnace4 : 몇초 전
R-Furnace2 : 14시간 전
R-Furnace3 : 몇초 전
R-Furnace4 : 15시간 전
R-Furnace5 : 23시간 전
L-Drawing-2 : 몇초 전
L-Drawing-4 : 몇초 전
L-Drawing-5 : 몇초 전
L-Drawing-6 : 몇초 전
L-Drawing-7 : 한시간 전
L-Drawing-8 : 5일 전
L-Drawing-10 : 몇초 전
L-Drawing-11 : 5시간 전
L-Drawing-12 : 몇초 전
T-Drawing-13 : 하루 전
T-Drawing-14 : 몇초 전
T-Drawing-15 : 몇초 전
T-Drawing-16 : 몇초 전
N-Drawing-17 : 몇초 전
N-Drawing-18 : 몇초 전
N-Drawing-20 : 몇초 전
Rewinding1 : 15일 전
Rewinding2 : 15일 전
Rewinding4 : 몇초 전
Rewinding5 : 2시간 전
Rewinding6 : 2분 전
Rewinding8 : 9시간 전
Rewinding9 : 몇초 전
Rewinding10 : 몇초 전
Rewinding11 : 2시간 전
Rewinding12 : 5분 전
Rewinding13 : 2분 전
Rewinding14 : 5분 전
Rewinding15 : 몇초 전
Rewinding16 : 몇초 전
Rewinding17 : 몇초 전
Rewinding25 : 몇초 전
Rewinding26 : 몇초 전
Rewinding27 : 몇초 전
Rewinding28 : 4분 전
Rewinding29 : 5분 전
Rewinding30 : 몇초 전
Rewinding32 : 몇초 전
Rewinding41 : 2분 전
Rewinding42 : 3분 전
Rewinding43 : 2분 전
Rewinding44 : 3분 전
