L-VAD1 : 몇초 전
L-VAD2 : 17시간 전
L-VAD3 : 몇초 전
L-VAD4 : 몇초 전
L-VAD5 : 몇초 전
L-VAD7 : 몇초 전
L-VAD8 : 몇초 전
L-VAD9 : 몇초 전
L-VAD10 : 몇초 전
L-VAD11 : 몇초 전
L-VAD16 : 하루 전
L-VAD17 : 5일 전
L-VAD18 : 12일 전
J-VAD10 : 몇초 전
J-VAD11 : 몇초 전
J-VAD12 : 몇초 전
J-VAD13 : 몇초 전
J-VAD14 : 몇초 전
J-VAD15 : 몇초 전
J-VAD16 : 몇초 전
J-VAD17 : 몇초 전
J-VAD19 : 25분 전
J-VAD20 : 5일 전
Tapering1 : 10일 전
L-Lathe4 : 몇초 전
L-Lathe5 : 14일 전
L-Lathe6 : 5시간 전
L-Lathe7 : 3달 전
L-Lathe8 : 몇초 전
L-Lathe9 : 34분 전
L-Lathe10 : 34분 전
L-Lathe12 : 6일 전
L-Lathe13 : 3시간 전
L-Furnace4 : 4일 전
L-Furnace5 : 7시간 전
L-Furnace6 : 17시간 전
L-Furnace7 : 몇초 전
L-Furnace8 : 몇초 전
L-Furnace9 : 4시간 전
L-Furnace10 : 몇초 전
L-Furnace11 : 12시간 전
L-Furnace12 : 23시간 전
L-Furnace13 : 3시간 전
V-Furnace1 : 몇초 전
V-Furnace2 : 몇초 전
V-Furnace3 : 몇초 전
V-Furnace4 : 9분 전
R-Furnace2 : 6시간 전
R-Furnace3 : 몇초 전
R-Furnace4 : 8시간 전
R-Furnace5 : 23시간 전
L-Drawing-2 : 몇초 전
L-Drawing-4 : 몇초 전
L-Drawing-5 : 몇초 전
L-Drawing-6 : 14시간 전
L-Drawing-7 : 몇초 전
L-Drawing-8 : 6달 전
L-Drawing-10 : 몇초 전
L-Drawing-11 : 몇초 전
L-Drawing-12 : 몇초 전
T-Drawing-13 : 몇초 전
T-Drawing-14 : 몇초 전
T-Drawing-15 : 몇초 전
T-Drawing-16 : 몇초 전
N-Drawing-17 : 하루 전
N-Drawing-18 : 몇초 전
N-Drawing-19 : 일년 전
N-Drawing-20 : 몇초 전
N-Drawing-21 : 2년 전
N-Drawing-22 : 2년 전
Rewinding1 : 몇초 전
Rewinding2 : 몇초 전
Rewinding4 : 몇초 전
Rewinding5 : 26분 전
Rewinding6 : 19시간 전
Rewinding7 : 26일 전
Rewinding8 : 2시간 전
Rewinding9 : 몇초 전
Rewinding10 : 몇초 전
Rewinding11 : 2분 전
Rewinding12 : 일분 전
Rewinding13 : 22분 전
Rewinding14 : 몇초 전
Rewinding15 : 19분 전
Rewinding16 : 몇초 전
Rewinding17 : 2분 전
Rewinding25 : 12일 전
Rewinding26 : 12일 전
Rewinding27 : 2분 전
Rewinding28 : 2분 전
Rewinding29 : 일분 전
Rewinding30 : 3분 전
Rewinding32 : 몇초 전
Rewinding41 : 17시간 전
Rewinding42 : 20시간 전
Rewinding43 : 3시간 전
Rewinding44 : 5시간 전
L-VAD1 : 몇초 전
L-VAD2 : 18시간 전
L-VAD3 : 몇초 전
L-VAD4 : 몇초 전
L-VAD5 : 몇초 전
L-VAD7 : 몇초 전
L-VAD8 : 몇초 전
L-VAD9 : 19분 전
L-VAD10 : 몇초 전
L-VAD11 : 몇초 전
L-VAD16 : 하루 전
L-VAD17 : 5일 전
L-VAD18 : 12일 전
J-VAD10 : 몇초 전
J-VAD11 : 몇초 전
J-VAD12 : 몇초 전
J-VAD13 : 몇초 전
J-VAD14 : 몇초 전
J-VAD15 : 몇초 전
J-VAD16 : 몇초 전
J-VAD17 : 몇초 전
J-VAD19 : 한시간 전
J-VAD20 : 5일 전
Tapering1 : 10일 전
L-Lathe4 : 몇초 전
L-Lathe5 : 14일 전
L-Lathe6 : 6시간 전
L-Lathe8 : 몇초 전
L-Lathe9 : 8분 전
L-Lathe10 : 7분 전
L-Lathe12 : 6일 전
L-Lathe13 : 4시간 전
L-Furnace4 : 4일 전
L-Furnace5 : 8시간 전
L-Furnace6 : 18시간 전
L-Furnace7 : 몇초 전
L-Furnace8 : 몇초 전
L-Furnace9 : 5시간 전
L-Furnace10 : 몇초 전
L-Furnace11 : 13시간 전
L-Furnace12 : 하루 전
L-Furnace13 : 4시간 전
V-Furnace1 : 51분 전
V-Furnace2 : 몇초 전
V-Furnace3 : 몇초 전
V-Furnace4 : 한시간 전
R-Furnace2 : 7시간 전
R-Furnace3 : 몇초 전
R-Furnace4 : 9시간 전
R-Furnace5 : 하루 전
L-Drawing-2 : 6분 전
L-Drawing-4 : 43분 전
L-Drawing-5 : 몇초 전
L-Drawing-6 : 15시간 전
L-Drawing-7 : 몇초 전
L-Drawing-10 : 몇초 전
L-Drawing-11 : 몇초 전
L-Drawing-12 : 몇초 전
T-Drawing-13 : 몇초 전
T-Drawing-14 : 몇초 전
T-Drawing-15 : 몇초 전
T-Drawing-16 : 몇초 전
N-Drawing-17 : 하루 전
N-Drawing-18 : 몇초 전
N-Drawing-20 : 몇초 전
Rewinding1 : 몇초 전
Rewinding2 : 몇초 전
Rewinding4 : 몇초 전
Rewinding5 : 5분 전
Rewinding6 : 20시간 전
Rewinding8 : 몇초 전
Rewinding9 : 몇초 전
Rewinding10 : 일분 전
Rewinding11 : 7분 전
Rewinding12 : 4분 전
Rewinding13 : 몇초 전
Rewinding14 : 13분 전
Rewinding15 : 몇초 전
Rewinding16 : 2분 전
Rewinding17 : 몇초 전
Rewinding25 : 12일 전
Rewinding26 : 12일 전
Rewinding27 : 몇초 전
Rewinding28 : 2분 전
Rewinding29 : 4분 전
Rewinding30 : 10분 전
Rewinding32 : 몇초 전
Rewinding41 : 18시간 전
Rewinding42 : 몇초 전
Rewinding43 : 4시간 전
Rewinding44 : 3분 전
L-VAD1 : 몇초 전
L-VAD2 : 19시간 전
L-VAD3 : 몇초 전
L-VAD4 : 몇초 전
L-VAD5 : 몇초 전
L-VAD7 : 몇초 전
L-VAD8 : 몇초 전
L-VAD9 : 한시간 전
L-VAD10 : 몇초 전
L-VAD11 : 몇초 전
L-VAD16 : 하루 전
L-VAD17 : 5일 전
L-VAD18 : 12일 전
J-VAD10 : 몇초 전
J-VAD11 : 11분 전
J-VAD12 : 몇초 전
J-VAD13 : 몇초 전
J-VAD14 : 몇초 전
J-VAD15 : 몇초 전
J-VAD16 : 몇초 전
J-VAD17 : 몇초 전
J-VAD19 : 2시간 전
J-VAD20 : 5일 전
L-Lathe4 : 몇초 전
L-Lathe5 : 14일 전
L-Lathe6 : 7시간 전
L-Lathe8 : 몇초 전
L-Lathe9 : 몇초 전
L-Lathe10 : 몇초 전
L-Lathe12 : 6일 전
L-Lathe13 : 5시간 전
L-Furnace4 : 4일 전
L-Furnace5 : 9시간 전
L-Furnace6 : 19시간 전
L-Furnace7 : 몇초 전
L-Furnace8 : 몇초 전
L-Furnace9 : 몇초 전
L-Furnace10 : 몇초 전
L-Furnace11 : 14시간 전
L-Furnace12 : 하루 전
L-Furnace13 : 5시간 전
V-Furnace1 : 2시간 전
V-Furnace2 : 몇초 전
V-Furnace3 : 몇초 전
V-Furnace4 : 2시간 전
R-Furnace2 : 37분 전
R-Furnace3 : 몇초 전
R-Furnace4 : 10시간 전
R-Furnace5 : 하루 전
L-Drawing-2 : 한시간 전
L-Drawing-4 : 몇초 전
L-Drawing-5 : 몇초 전
L-Drawing-6 : 16시간 전
L-Drawing-7 : 몇초 전
L-Drawing-10 : 몇초 전
L-Drawing-11 : 몇초 전
L-Drawing-12 : 몇초 전
T-Drawing-13 : 몇초 전
T-Drawing-14 : 몇초 전
T-Drawing-15 : 40분 전
T-Drawing-16 : 몇초 전
N-Drawing-17 : 하루 전
N-Drawing-18 : 몇초 전
N-Drawing-20 : 몇초 전
Rewinding1 : 37분 전
Rewinding2 : 37분 전
Rewinding4 : 37분 전
Rewinding5 : 37분 전
Rewinding6 : 21시간 전
Rewinding8 : 39분 전
Rewinding9 : 52분 전
Rewinding10 : 50분 전
Rewinding11 : 38분 전
Rewinding12 : 37분 전
Rewinding13 : 37분 전
Rewinding14 : 37분 전
Rewinding15 : 40분 전
Rewinding16 : 43분 전
Rewinding17 : 37분 전
Rewinding25 : 12일 전
Rewinding26 : 12일 전
Rewinding27 : 37분 전
Rewinding28 : 37분 전
Rewinding29 : 42분 전
Rewinding30 : 44분 전
Rewinding32 : 37분 전
Rewinding41 : 19시간 전
Rewinding42 : 37분 전
Rewinding43 : 5시간 전
Rewinding44 : 37분 전
