L-VAD1 : 몇초 전
L-VAD2 : 몇초 전
L-VAD3 : 11시간 전
L-VAD4 : 3시간 전
L-VAD5 : 몇초 전
L-VAD7 : 3시간 전
L-VAD8 : 몇초 전
L-VAD9 : 8시간 전
L-VAD10 : 몇초 전
L-VAD11 : 몇초 전
L-VAD16 : 2일 전
L-VAD17 : 하루 전
J-VAD10 : 몇초 전
J-VAD11 : 몇초 전
J-VAD12 : 몇초 전
J-VAD13 : 몇초 전
J-VAD14 : 몇초 전
J-VAD15 : 몇초 전
J-VAD16 : 몇초 전
J-VAD17 : 몇초 전
J-VAD19 : 몇초 전
J-VAD20 : 몇초 전
Tapering1 : 2일 전
L-Lathe4 : 몇초 전
L-Lathe5 : 2일 전
L-Lathe6 : 2일 전
L-Lathe8 : 몇초 전
L-Lathe9 : 2시간 전
L-Lathe10 : 2시간 전
L-Lathe12 : 7시간 전
L-Lathe13 : 35분 전
L-Furnace5 : 몇초 전
L-Furnace6 : 3시간 전
L-Furnace7 : 7시간 전
L-Furnace8 : 몇초 전
L-Furnace9 : 몇초 전
L-Furnace10 : 몇초 전
L-Furnace11 : 5일 전
L-Furnace12 : 2일 전
L-Furnace13 : 35분 전
V-Furnace1 : 몇초 전
V-Furnace2 : 몇초 전
V-Furnace3 : 몇초 전
V-Furnace4 : 한시간 전
R-Furnace2 : 12시간 전
R-Furnace3 : 몇초 전
R-Furnace4 : 2일 전
R-Furnace5 : 6시간 전
L-Drawing-2 : 몇초 전
L-Drawing-4 : 한시간 전
L-Drawing-5 : 몇초 전
L-Drawing-6 : 몇초 전
L-Drawing-7 : 몇초 전
L-Drawing-8 : 2일 전
L-Drawing-10 : 몇초 전
L-Drawing-11 : 몇초 전
L-Drawing-12 : 몇초 전
T-Drawing-13 : 2일 전
T-Drawing-14 : 몇초 전
T-Drawing-15 : 몇초 전
T-Drawing-16 : 몇초 전
N-Drawing-17 : 9일 전
N-Drawing-18 : 12시간 전
N-Drawing-20 : 몇초 전
Rewinding1 : 몇초 전
Rewinding2 : 몇초 전
Rewinding4 : 2시간 전
Rewinding5 : 몇초 전
Rewinding6 : 8분 전
Rewinding8 : 몇초 전
Rewinding9 : 42분 전
Rewinding10 : 6일 전
Rewinding11 : 몇초 전
Rewinding12 : 몇초 전
Rewinding13 : 57분 전
Rewinding14 : 2분 전
Rewinding15 : 일분 전
Rewinding16 : 몇초 전
Rewinding17 : 몇초 전
Rewinding25 : 한시간 전
Rewinding26 : 한시간 전
Rewinding27 : 몇초 전
Rewinding28 : 몇초 전
Rewinding29 : 일분 전
Rewinding30 : 몇초 전
Rewinding32 : 3분 전
Rewinding41 : 2시간 전
Rewinding42 : 몇초 전
Rewinding43 : 21분 전
Rewinding44 : 몇초 전
