L-VAD1 : 34분 전
L-VAD2 : 몇초 전
L-VAD3 : 11시간 전
L-VAD4 : 3일 전
L-VAD5 : 몇초 전
L-VAD7 : 몇초 전
L-VAD8 : 몇초 전
L-VAD9 : 3일 전
L-VAD10 : 2시간 전
L-VAD11 : 몇초 전
L-VAD16 : 4일 전
L-VAD17 : 4일 전
J-VAD10 : 몇초 전
J-VAD11 : 몇초 전
J-VAD12 : 몇초 전
J-VAD13 : 몇초 전
J-VAD14 : 몇초 전
J-VAD15 : 몇초 전
J-VAD16 : 몇초 전
J-VAD17 : 몇초 전
J-VAD19 : 몇초 전
J-VAD20 : 몇초 전
Tapering1 : 5일 전
L-Lathe4 : 몇초 전
L-Lathe5 : 5일 전
L-Lathe6 : 8시간 전
L-Lathe8 : 몇초 전
L-Lathe9 : 16분 전
L-Lathe10 : 17분 전
L-Lathe12 : 2일 전
L-Lathe13 : 한시간 전
L-Furnace4 : 23일 전
L-Furnace5 : 2일 전
L-Furnace6 : 10시간 전
L-Furnace7 : 몇초 전
L-Furnace8 : 몇초 전
L-Furnace9 : 3시간 전
L-Furnace10 : 3시간 전
L-Furnace11 : 7일 전
L-Furnace12 : 5일 전
L-Furnace13 : 한시간 전
V-Furnace1 : 26분 전
V-Furnace2 : 한시간 전
V-Furnace3 : 몇초 전
V-Furnace4 : 몇초 전
R-Furnace2 : 몇초 전
R-Furnace3 : 몇초 전
R-Furnace4 : 8시간 전
R-Furnace5 : 하루 전
L-Drawing-2 : 몇초 전
L-Drawing-4 : 몇초 전
L-Drawing-5 : 몇초 전
L-Drawing-6 : 몇초 전
L-Drawing-7 : 몇초 전
L-Drawing-8 : 5일 전
L-Drawing-10 : 몇초 전
L-Drawing-11 : 몇초 전
L-Drawing-12 : 몇초 전
T-Drawing-13 : 5시간 전
T-Drawing-14 : 5시간 전
T-Drawing-15 : 몇초 전
T-Drawing-16 : 몇초 전
N-Drawing-17 : 12일 전
N-Drawing-18 : 몇초 전
N-Drawing-20 : 몇초 전
Rewinding1 : 몇초 전
Rewinding2 : 몇초 전
Rewinding4 : 2일 전
Rewinding5 : 몇초 전
Rewinding6 : 2분 전
Rewinding8 : 18시간 전
Rewinding9 : 30분 전
Rewinding10 : 5시간 전
Rewinding11 : 16분 전
Rewinding12 : 3분 전
Rewinding13 : 33분 전
Rewinding14 : 몇초 전
Rewinding15 : 3분 전
Rewinding16 : 3시간 전
Rewinding17 : 9시간 전
Rewinding25 : 3분 전
Rewinding26 : 40분 전
Rewinding27 : 17분 전
Rewinding28 : 2분 전
Rewinding29 : 32분 전
Rewinding30 : 32분 전
Rewinding32 : 47분 전
Rewinding41 : 51분 전
Rewinding42 : 49분 전
Rewinding43 : 한시간 전
Rewinding44 : 한시간 전
