L-VAD1 : 몇초 전
L-VAD2 : 하루 전
L-VAD3 : 몇초 전
L-VAD4 : 몇초 전
L-VAD5 : 몇초 전
L-VAD7 : 몇초 전
L-VAD8 : 몇초 전
L-VAD9 : 몇초 전
L-VAD10 : 몇초 전
L-VAD11 : 하루 전
L-VAD12 : 일년 전
L-VAD13 : 일년 전
L-VAD14 : 일년 전
L-VAD15 : 5달 전
L-VAD16 : 22시간 전
L-VAD17 : 몇초 전
L-VAD18 : 6일 전
J-VAD10 : 몇초 전
J-VAD11 : 몇초 전
J-VAD12 : 14시간 전
J-VAD13 : 몇초 전
J-VAD14 : 몇초 전
J-VAD15 : 몇초 전
J-VAD16 : 몇초 전
J-VAD17 : 몇초 전
J-VAD19 : 몇초 전
J-VAD20 : 몇초 전
Tapering1 : 4일 전
Sintering1 : 9달 전
L-Lathe4 : 몇초 전
L-Lathe5 : 8일 전
L-Lathe6 : 5분 전
L-Lathe7 : 2달 전
L-Lathe8 : 몇초 전
L-Lathe9 : 8분 전
L-Lathe10 : 6분 전
L-Lathe11 : 일년 전
L-Lathe12 : 2일 전
L-Lathe13 : 19분 전
L-Furnace2 : 2달 전
L-Furnace4 : 일년 전
L-Furnace5 : 몇초 전
L-Furnace6 : 몇초 전
L-Furnace7 : 몇초 전
L-Furnace8 : 일분 전
L-Furnace9 : 몇초 전
L-Furnace10 : 몇초 전
L-Furnace11 : 몇초 전
L-Furnace12 : 몇초 전
L-Furnace13 : 19분 전
V-Furnace1 : 몇초 전
V-Furnace2 : 2시간 전
V-Furnace3 : 몇초 전
V-Furnace4 : 3시간 전
R-Furnace2 : 2시간 전
R-Furnace3 : 몇초 전
R-Furnace4 : 몇초 전
R-Furnace5 : 2일 전
L-Drawing-1 : 일년 전
L-Drawing-2 : 몇초 전
L-Drawing-3 : 한달 전
L-Drawing-4 : 몇초 전
L-Drawing-5 : 몇초 전
L-Drawing-6 : 몇초 전
L-Drawing-7 : 몇초 전
L-Drawing-8 : 6달 전
L-Drawing-9 : 일년 전
L-Drawing-10 : 2시간 전
L-Drawing-11 : 몇초 전
L-Drawing-12 : 몇초 전
T-Drawing-13 : 몇초 전
T-Drawing-14 : 몇초 전
T-Drawing-15 : 2시간 전
T-Drawing-16 : 몇초 전
N-Drawing-17 : 몇초 전
N-Drawing-18 : 몇초 전
N-Drawing-19 : 일년 전
N-Drawing-20 : 2시간 전
N-Drawing-21 : 2년 전
N-Drawing-22 : 2년 전
Rewinding1 : 몇초 전
Rewinding2 : 몇초 전
Rewinding4 : 몇초 전
Rewinding5 : 몇초 전
Rewinding6 : 4분 전
Rewinding7 : 20일 전
Rewinding8 : 몇초 전
Rewinding9 : 몇초 전
Rewinding10 : 8분 전
Rewinding11 : 2시간 전
Rewinding12 : 7분 전
Rewinding13 : 일분 전
Rewinding14 : 14분 전
Rewinding15 : 2분 전
Rewinding16 : 8분 전
Rewinding17 : 6시간 전
Rewinding25 : 6일 전
Rewinding26 : 6일 전
Rewinding27 : 몇초 전
Rewinding28 : 5시간 전
Rewinding29 : 5시간 전
Rewinding30 : 5시간 전
Rewinding31 : 3달 전
Rewinding32 : 49분 전
Rewinding33 : 일년 전
Rewinding34 : 2년 전
Rewinding35 : 2년 전
Rewinding36 : 2년 전
Rewinding38 : 11달 전
Rewinding39 : 11달 전
Rewinding40 : 11달 전
Rewinding41 : 3일 전
Rewinding42 : 몇초 전
Rewinding43 : 3시간 전
Rewinding44 : 5시간 전
설비명
L-VAD1
L-VAD1 : 몇초 전
L-VAD2
L-VAD2 : 하루 전
L-VAD3
L-VAD3 : 몇초 전
L-VAD4
L-VAD4 : 몇초 전
L-VAD5
L-VAD5 : 몇초 전
L-VAD6
L-VAD7
L-VAD7 : 몇초 전
L-VAD8
L-VAD8 : 몇초 전
L-VAD9
L-VAD9 : 몇초 전
L-VAD10
L-VAD10 : 몇초 전
L-VAD11
L-VAD11 : 하루 전
L-VAD12
L-VAD12 : 일년 전
L-VAD13
L-VAD13 : 일년 전
L-VAD14
L-VAD14 : 일년 전
L-VAD15
L-VAD15 : 5달 전
L-VAD16
L-VAD16 : 하루 전
L-VAD17
L-VAD17 : 몇초 전
L-VAD18
L-VAD18 : 6일 전
L-VADRnD
MCVD1
MCVD2
J-VAD07
J-VAD08
J-VAD09
J-VAD10
J-VAD10 : 2시간 전
J-VAD11
J-VAD11 : 몇초 전
J-VAD12
J-VAD12 : 17시간 전
J-VAD13
J-VAD13 : 몇초 전
J-VAD14
J-VAD14 : 몇초 전
J-VAD15
J-VAD15 : 16분 전
J-VAD16
J-VAD16 : 몇초 전
J-VAD17
J-VAD17 : 몇초 전
J-VAD19
J-VAD19 : 몇초 전
J-VAD20
J-VAD20 : 몇초 전
O-VAD1
Tapering1
Tapering1 : 4일 전
Sintering1
Sintering1 : 9달 전
Soaking1
Soaking2
Soaking3
L-Lathe4
L-Lathe4 : 몇초 전
L-Lathe5
L-Lathe5 : 9일 전
L-Lathe6
L-Lathe6 : 한시간 전
L-Lathe7
L-Lathe7 : 2달 전
L-Lathe8
L-Lathe8 : 몇초 전
L-Lathe9
L-Lathe9 : 48분 전
L-Lathe10
L-Lathe10 : 49분 전
L-Lathe11
L-Lathe11 : 일년 전
L-Lathe12
L-Lathe12 : 2일 전
L-Lathe13
L-Lathe13 : 2시간 전
L-Furnace2
L-Furnace2 : 2달 전
L-Furnace3
L-Furnace4
L-Furnace4 : 일년 전
L-Furnace5
L-Furnace5 : 2시간 전
L-Furnace6
L-Furnace6 : 몇초 전
L-Furnace7
L-Furnace7 : 56분 전
L-Furnace8
L-Furnace8 : 몇초 전
L-Furnace9
L-Furnace9 : 몇초 전
L-Furnace10
L-Furnace10 : 몇초 전
L-Furnace11
L-Furnace11 : 몇초 전
L-Furnace12
L-Furnace12 : 몇초 전
L-Furnace13
L-Furnace13 : 2시간 전
V-Furnace1
V-Furnace1 : 몇초 전
V-Furnace2
V-Furnace2 : 몇초 전
V-Furnace3
V-Furnace3 : 몇초 전
V-Furnace4
V-Furnace4 : 몇초 전
V-Furnace5
V-Furnace6
V-Lathe1
V-Lathe2
R-Furnace1
R-Furnace2
R-Furnace2 : 몇초 전
R-Furnace3
R-Furnace3 : 몇초 전
R-Furnace4
R-Furnace4 : 3시간 전
R-Furnace5
R-Furnace5 : 3시간 전
L-Drawing-1
L-Drawing-1 : 일년 전
L-Drawing-2
L-Drawing-2 : 몇초 전
L-Drawing-3
L-Drawing-3 : 한달 전
L-Drawing-4
L-Drawing-4 : 몇초 전
L-Drawing-5
L-Drawing-5 : 몇초 전
L-Drawing-6
L-Drawing-6 : 몇초 전
L-Drawing-7
L-Drawing-7 : 몇초 전
L-Drawing-8
L-Drawing-8 : 6달 전
L-Drawing-9
L-Drawing-9 : 일년 전
L-Drawing-10
L-Drawing-10 : 몇초 전
L-Drawing-11
L-Drawing-11 : 몇초 전
L-Drawing-12
L-Drawing-12 : 몇초 전
T-Drawing-13
T-Drawing-13 : 몇초 전
T-Drawing-14
T-Drawing-14 : 몇초 전
T-Drawing-15
T-Drawing-15 : 몇초 전
T-Drawing-16
T-Drawing-16 : 몇초 전
N-Drawing-17
N-Drawing-17 : 몇초 전
N-Drawing-18
N-Drawing-18 : 몇초 전
N-Drawing-19
N-Drawing-19 : 일년 전
N-Drawing-20
N-Drawing-20 : 6시간 전
N-Drawing-21
N-Drawing-21 : 2년 전
N-Drawing-22
N-Drawing-22 : 2년 전
Drawing-Tower
Rewinding1
Rewinding1 : 몇초 전
Rewinding2
Rewinding2 : 29분 전
Rewinding3
Rewinding4
Rewinding4 : 몇초 전
Rewinding5
Rewinding5 : 몇초 전
Rewinding6
Rewinding6 : 일분 전
Rewinding7
Rewinding7 : 21일 전
Rewinding8
Rewinding8 : 몇초 전
Rewinding9
Rewinding9 : 몇초 전
Rewinding10
Rewinding10 : 몇초 전
Rewinding11
Rewinding11 : 2분 전
Rewinding12
Rewinding12 : 몇초 전
Rewinding13
Rewinding13 : 일분 전
Rewinding14
Rewinding14 : 6분 전
Rewinding15
Rewinding15 : 몇초 전
Rewinding16
Rewinding16 : 몇초 전
Rewinding17
Rewinding17 : 9시간 전
Rewinding18
Rewinding19
Rewinding20
Rewinding21
Rewinding22
Rewinding23
Rewinding24
Rewinding25
Rewinding25 : 6일 전
Rewinding26
Rewinding26 : 6일 전
Rewinding27
Rewinding27 : 7분 전
Rewinding28
Rewinding28 : 9시간 전
Rewinding29
Rewinding29 : 8시간 전
Rewinding30
Rewinding30 : 9시간 전
Rewinding31
Rewinding31 : 3달 전
Rewinding32
Rewinding32 : 몇초 전
Rewinding33
Rewinding33 : 일년 전
Rewinding34
Rewinding34 : 2년 전
Rewinding35
Rewinding35 : 2년 전
Rewinding36
Rewinding36 : 2년 전
Rewinding37
Rewinding38
Rewinding38 : 11달 전
Rewinding39
Rewinding39 : 11달 전
Rewinding40
Rewinding40 : 11달 전
Rewinding41
Rewinding41 : 3일 전
Rewinding42
Rewinding42 : 일분 전
Rewinding43
Rewinding43 : 6시간 전
Rewinding44
Rewinding44 : 8시간 전
설비명
L-VAD1
L-VAD1 : 몇초 전
L-VAD2
L-VAD2 : 하루 전
L-VAD3
L-VAD3 : 몇초 전
L-VAD4
L-VAD4 : 몇초 전
L-VAD5
L-VAD5 : 몇초 전
L-VAD6
L-VAD7
L-VAD7 : 몇초 전
L-VAD8
L-VAD8 : 몇초 전
L-VAD9
L-VAD9 : 몇초 전
L-VAD10
L-VAD10 : 몇초 전
L-VAD11
L-VAD11 : 하루 전
L-VAD12
L-VAD12 : 일년 전
L-VAD13
L-VAD13 : 일년 전
L-VAD14
L-VAD14 : 일년 전
L-VAD15
L-VAD15 : 5달 전
L-VAD16
L-VAD16 : 하루 전
L-VAD17
L-VAD17 : 몇초 전
L-VAD18
L-VAD18 : 6일 전
L-VADRnD
MCVD1
MCVD2
J-VAD07
J-VAD08
J-VAD09
J-VAD10
J-VAD10 : 2시간 전
J-VAD11
J-VAD11 : 몇초 전
J-VAD12
J-VAD12 : 18시간 전
J-VAD13
J-VAD13 : 몇초 전
J-VAD14
J-VAD14 : 몇초 전
J-VAD15
J-VAD15 : 22분 전
J-VAD16
J-VAD16 : 몇초 전
J-VAD17
J-VAD17 : 몇초 전
J-VAD19
J-VAD19 : 몇초 전
J-VAD20
J-VAD20 : 몇초 전
O-VAD1
Tapering1
Tapering1 : 4일 전
Sintering1
Sintering1 : 9달 전
Soaking1
Soaking2
Soaking3
L-Lathe4
L-Lathe4 : 몇초 전
L-Lathe5
L-Lathe5 : 9일 전
L-Lathe6
L-Lathe6 : 한시간 전
L-Lathe7
L-Lathe7 : 2달 전
L-Lathe8
L-Lathe8 : 몇초 전
L-Lathe9
L-Lathe9 : 54분 전
L-Lathe10
L-Lathe10 : 55분 전
L-Lathe11
L-Lathe11 : 일년 전
L-Lathe12
L-Lathe12 : 2일 전
L-Lathe13
L-Lathe13 : 2시간 전
L-Furnace2
L-Furnace2 : 2달 전
L-Furnace3
L-Furnace4
L-Furnace4 : 일년 전
L-Furnace5
L-Furnace5 : 2시간 전
L-Furnace6
L-Furnace6 : 몇초 전
L-Furnace7
L-Furnace7 : 한시간 전
L-Furnace8
L-Furnace8 : 몇초 전
L-Furnace9
L-Furnace9 : 몇초 전
L-Furnace10
L-Furnace10 : 몇초 전
L-Furnace11
L-Furnace11 : 몇초 전
L-Furnace12
L-Furnace12 : 몇초 전
L-Furnace13
L-Furnace13 : 2시간 전
V-Furnace1
V-Furnace1 : 몇초 전
V-Furnace2
V-Furnace2 : 몇초 전
V-Furnace3
V-Furnace3 : 몇초 전
V-Furnace4
V-Furnace4 : 몇초 전
V-Furnace5
V-Furnace6
V-Lathe1
V-Lathe2
R-Furnace1
R-Furnace2
R-Furnace2 : 몇초 전
R-Furnace3
R-Furnace3 : 몇초 전
R-Furnace4
R-Furnace4 : 3시간 전
R-Furnace5
R-Furnace5 : 3시간 전
L-Drawing-1
L-Drawing-1 : 일년 전
L-Drawing-2
L-Drawing-2 : 몇초 전
L-Drawing-3
L-Drawing-3 : 한달 전
L-Drawing-4
L-Drawing-4 : 몇초 전
L-Drawing-5
L-Drawing-5 : 몇초 전
L-Drawing-6
L-Drawing-6 : 몇초 전
L-Drawing-7
L-Drawing-7 : 몇초 전
L-Drawing-8
L-Drawing-8 : 6달 전
L-Drawing-9
L-Drawing-9 : 일년 전
L-Drawing-10
L-Drawing-10 : 몇초 전
L-Drawing-11
L-Drawing-11 : 몇초 전
L-Drawing-12
L-Drawing-12 : 몇초 전
T-Drawing-13
T-Drawing-13 : 몇초 전
T-Drawing-14
T-Drawing-14 : 몇초 전
T-Drawing-15
T-Drawing-15 : 몇초 전
T-Drawing-16
T-Drawing-16 : 몇초 전
N-Drawing-17
N-Drawing-17 : 몇초 전
N-Drawing-18
N-Drawing-18 : 몇초 전
N-Drawing-19
N-Drawing-19 : 일년 전
N-Drawing-20
N-Drawing-20 : 6시간 전
N-Drawing-21
N-Drawing-21 : 2년 전
N-Drawing-22
N-Drawing-22 : 2년 전
Drawing-Tower
Rewinding1
Rewinding1 : 몇초 전
Rewinding2
Rewinding2 : 35분 전
Rewinding3
Rewinding4
Rewinding4 : 몇초 전
Rewinding5
Rewinding5 : 몇초 전
Rewinding6
Rewinding6 : 3분 전
Rewinding7
Rewinding7 : 21일 전
Rewinding8
Rewinding8 : 3분 전
Rewinding9
Rewinding9 : 몇초 전
Rewinding10
Rewinding10 : 2분 전
Rewinding11
Rewinding11 : 몇초 전
Rewinding12
Rewinding12 : 몇초 전
Rewinding13
Rewinding13 : 일분 전
Rewinding14
Rewinding14 : 3분 전
Rewinding15
Rewinding15 : 일분 전
Rewinding16
Rewinding16 : 몇초 전
Rewinding17
Rewinding17 : 9시간 전
Rewinding18
Rewinding19
Rewinding20
Rewinding21
Rewinding22
Rewinding23
Rewinding24
Rewinding25
Rewinding25 : 6일 전
Rewinding26
Rewinding26 : 6일 전
Rewinding27
Rewinding27 : 몇초 전
Rewinding28
Rewinding28 : 9시간 전
Rewinding29
Rewinding29 : 8시간 전
Rewinding30
Rewinding30 : 9시간 전
Rewinding31
Rewinding31 : 3달 전
Rewinding32
Rewinding32 : 몇초 전
Rewinding33
Rewinding33 : 일년 전
Rewinding34
Rewinding34 : 2년 전
Rewinding35
Rewinding35 : 2년 전
Rewinding36
Rewinding36 : 2년 전
Rewinding37
Rewinding38
Rewinding38 : 11달 전
Rewinding39
Rewinding39 : 11달 전
Rewinding40
Rewinding40 : 11달 전
Rewinding41
Rewinding41 : 3일 전
Rewinding42
Rewinding42 : 7분 전
Rewinding43
Rewinding43 : 6시간 전
Rewinding44
Rewinding44 : 8시간 전
설비명
L-VAD1
L-VAD1 : 몇초 전
L-VAD2
L-VAD2 : 하루 전
L-VAD3
L-VAD3 : 몇초 전
L-VAD4
L-VAD4 : 몇초 전
L-VAD5
L-VAD5 : 몇초 전
L-VAD6
L-VAD7
L-VAD7 : 몇초 전
L-VAD8
L-VAD8 : 몇초 전
L-VAD9
L-VAD9 : 몇초 전
L-VAD10
L-VAD10 : 몇초 전
L-VAD11
L-VAD11 : 몇초 전
L-VAD12
L-VAD12 : 일년 전
L-VAD13
L-VAD13 : 일년 전
L-VAD14
L-VAD14 : 일년 전
L-VAD15
L-VAD15 : 5달 전
L-VAD16
L-VAD16 : 하루 전
L-VAD17
L-VAD17 : 몇초 전
L-VAD18
L-VAD18 : 6일 전
L-VADRnD
MCVD1
MCVD2
J-VAD07
J-VAD08
J-VAD09
J-VAD10
J-VAD10 : 2시간 전
J-VAD11
J-VAD11 : 몇초 전
J-VAD12
J-VAD12 : 18시간 전
J-VAD13
J-VAD13 : 몇초 전
J-VAD14
J-VAD14 : 몇초 전
J-VAD15
J-VAD15 : 37분 전
J-VAD16
J-VAD16 : 몇초 전
J-VAD17
J-VAD17 : 몇초 전
J-VAD19
J-VAD19 : 몇초 전
J-VAD20
J-VAD20 : 몇초 전
O-VAD1
Tapering1
Tapering1 : 4일 전
Sintering1
Sintering1 : 9달 전
Soaking1
Soaking2
Soaking3
L-Lathe4
L-Lathe4 : 몇초 전
L-Lathe5
L-Lathe5 : 9일 전
L-Lathe6
L-Lathe6 : 2시간 전
L-Lathe7
L-Lathe7 : 2달 전
L-Lathe8
L-Lathe8 : 몇초 전
L-Lathe9
L-Lathe9 : 몇초 전
L-Lathe10
L-Lathe10 : 몇초 전
L-Lathe11
L-Lathe11 : 일년 전
L-Lathe12
L-Lathe12 : 2일 전
L-Lathe13
L-Lathe13 : 2시간 전
L-Furnace2
L-Furnace2 : 2달 전
L-Furnace3
L-Furnace4
L-Furnace4 : 일년 전
L-Furnace5
L-Furnace5 : 2시간 전
L-Furnace6
L-Furnace6 : 몇초 전
L-Furnace7
L-Furnace7 : 한시간 전
L-Furnace8
L-Furnace8 : 몇초 전
L-Furnace9
L-Furnace9 : 몇초 전
L-Furnace10
L-Furnace10 : 몇초 전
L-Furnace11
L-Furnace11 : 몇초 전
L-Furnace12
L-Furnace12 : 몇초 전
L-Furnace13
L-Furnace13 : 2시간 전
V-Furnace1
V-Furnace1 : 몇초 전
V-Furnace2
V-Furnace2 : 몇초 전
V-Furnace3
V-Furnace3 : 몇초 전
V-Furnace4
V-Furnace4 : 몇초 전
V-Furnace5
V-Furnace6
V-Lathe1
V-Lathe2
R-Furnace1
R-Furnace2
R-Furnace2 : 3분 전
R-Furnace3
R-Furnace3 : 몇초 전
R-Furnace4
R-Furnace4 : 3시간 전
R-Furnace5
R-Furnace5 : 4시간 전
L-Drawing-1
L-Drawing-1 : 일년 전
L-Drawing-2
L-Drawing-2 : 몇초 전
L-Drawing-3
L-Drawing-3 : 한달 전
L-Drawing-4
L-Drawing-4 : 몇초 전
L-Drawing-5
L-Drawing-5 : 몇초 전
L-Drawing-6
L-Drawing-6 : 몇초 전
L-Drawing-7
L-Drawing-7 : 몇초 전
L-Drawing-8
L-Drawing-8 : 6달 전
L-Drawing-9
L-Drawing-9 : 일년 전
L-Drawing-10
L-Drawing-10 : 몇초 전
L-Drawing-11
L-Drawing-11 : 몇초 전
L-Drawing-12
L-Drawing-12 : 몇초 전
T-Drawing-13
T-Drawing-13 : 몇초 전
T-Drawing-14
T-Drawing-14 : 몇초 전
T-Drawing-15
T-Drawing-15 : 몇초 전
T-Drawing-16
T-Drawing-16 : 몇초 전
N-Drawing-17
N-Drawing-17 : 몇초 전
N-Drawing-18
N-Drawing-18 : 몇초 전
N-Drawing-19
N-Drawing-19 : 일년 전
N-Drawing-20
N-Drawing-20 : 6시간 전
N-Drawing-21
N-Drawing-21 : 2년 전
N-Drawing-22
N-Drawing-22 : 2년 전
Drawing-Tower
Rewinding1
Rewinding1 : 몇초 전
Rewinding2
Rewinding2 : 몇초 전
Rewinding3
Rewinding4
Rewinding4 : 몇초 전
Rewinding5
Rewinding5 : 몇초 전
Rewinding6
Rewinding6 : 3분 전
Rewinding7
Rewinding7 : 21일 전
Rewinding8
Rewinding8 : 일분 전
Rewinding9
Rewinding9 : 몇초 전
Rewinding10
Rewinding10 : 4분 전
Rewinding11
Rewinding11 : 몇초 전
Rewinding12
Rewinding12 : 2분 전
Rewinding13
Rewinding13 : 몇초 전
Rewinding14
Rewinding14 : 3분 전
Rewinding15
Rewinding15 : 몇초 전
Rewinding16
Rewinding16 : 몇초 전
Rewinding17
Rewinding17 : 9시간 전
Rewinding18
Rewinding19
Rewinding20
Rewinding21
Rewinding22
Rewinding23
Rewinding24
Rewinding25
Rewinding25 : 6일 전
Rewinding26
Rewinding26 : 6일 전
Rewinding27
Rewinding27 : 몇초 전
Rewinding28
Rewinding28 : 9시간 전
Rewinding29
Rewinding29 : 9시간 전
Rewinding30
Rewinding30 : 9시간 전
Rewinding31
Rewinding31 : 3달 전
Rewinding32
Rewinding32 : 몇초 전
Rewinding33
Rewinding33 : 일년 전
Rewinding34
Rewinding34 : 2년 전
Rewinding35
Rewinding35 : 2년 전
Rewinding36
Rewinding36 : 2년 전
Rewinding37
Rewinding38
Rewinding38 : 11달 전
Rewinding39
Rewinding39 : 11달 전
Rewinding40
Rewinding40 : 11달 전
Rewinding41
Rewinding41 : 3일 전
Rewinding42
Rewinding42 : 몇초 전
Rewinding43
Rewinding43 : 7시간 전
Rewinding44
Rewinding44 : 9시간 전
