L-VAD3 : 몇초 전
L-VAD4 : 5일 전
L-VAD5 : 몇초 전
L-VAD7 : 몇초 전
L-VAD8 : 몇초 전
L-VAD9 : 몇초 전
L-VAD10 : 몇초 전
L-VAD11 : 11시간 전
L-VAD16 : 4일 전
L-VAD17 : 4시간 전
L-VAD18 : 25일 전
J-VAD10 : 몇초 전
J-VAD11 : 몇초 전
J-VAD12 : 몇초 전
J-VAD13 : 몇초 전
J-VAD14 : 몇초 전
J-VAD15 : 몇초 전
J-VAD16 : 몇초 전
J-VAD17 : 몇초 전
J-VAD19 : 몇초 전
J-VAD20 : 2시간 전
Tapering1 : 몇초 전
L-Lathe4 : 몇초 전
L-Lathe5 : 10일 전
L-Lathe6 : 한시간 전
L-Lathe7 : 3달 전
L-Lathe8 : 몇초 전
L-Lathe9 : 몇초 전
L-Lathe10 : 몇초 전
L-Lathe12 : 21시간 전
L-Lathe13 : 55분 전
L-Furnace4 : 17일 전
L-Furnace5 : 4일 전
L-Furnace6 : 13분 전
L-Furnace7 : 몇초 전
L-Furnace8 : 몇초 전
L-Furnace9 : 몇초 전
L-Furnace10 : 몇초 전
L-Furnace11 : 하루 전
L-Furnace12 : 17시간 전
L-Furnace13 : 55분 전
V-Furnace1 : 2시간 전
V-Furnace2 : 몇초 전
V-Furnace3 : 몇초 전
V-Furnace4 : 몇초 전
R-Furnace2 : 3시간 전
R-Furnace3 : 몇초 전
R-Furnace4 : 42분 전
R-Furnace5 : 2시간 전
L-Drawing-1 : 일년 전
L-Drawing-2 : 몇초 전
L-Drawing-3 : 2달 전
L-Drawing-4 : 한시간 전
L-Drawing-5 : 몇초 전
L-Drawing-6 : 14시간 전
L-Drawing-7 : 몇초 전
L-Drawing-9 : 일년 전
L-Drawing-10 : 몇초 전
L-Drawing-11 : 50분 전
L-Drawing-12 : 몇초 전
T-Drawing-13 : 몇초 전
T-Drawing-14 : 몇초 전
T-Drawing-15 : 몇초 전
T-Drawing-16 : 몇초 전
N-Drawing-17 : 6일 전
N-Drawing-18 : 몇초 전
N-Drawing-19 : 일년 전
N-Drawing-20 : 몇초 전
Rewinding1 : 34분 전
Rewinding2 : 25분 전
Rewinding4 : 3일 전
Rewinding5 : 몇초 전
Rewinding6 : 4분 전
Rewinding7 : 한달 전
Rewinding8 : 몇초 전
Rewinding9 : 몇초 전
Rewinding10 : 3일 전
Rewinding11 : 2분 전
Rewinding12 : 9분 전
Rewinding13 : 몇초 전
Rewinding14 : 7분 전
Rewinding15 : 몇초 전
Rewinding16 : 몇초 전
Rewinding17 : 몇초 전
Rewinding25 : 25일 전
Rewinding26 : 25일 전
Rewinding27 : 2분 전
Rewinding28 : 14분 전
Rewinding29 : 몇초 전
Rewinding30 : 2분 전
Rewinding31 : 4달 전
Rewinding32 : 2분 전
Rewinding41 : 2일 전
Rewinding42 : 4분 전
Rewinding43 : 24분 전
Rewinding44 : 일분 전
