L-VAD1 : 2시간 전
L-VAD2 : 몇초 전
L-VAD3 : 몇초 전
L-VAD4 : 21일 전
L-VAD5 : 몇초 전
L-VAD7 : 몇초 전
L-VAD8 : 몇초 전
L-VAD9 : 몇초 전
L-VAD10 : 몇초 전
L-VAD11 : 35분 전
L-VAD16 : 11일 전
L-VAD17 : 몇초 전
L-VAD18 : 15시간 전
J-VAD10 : 몇초 전
J-VAD11 : 몇초 전
J-VAD12 : 몇초 전
J-VAD13 : 몇초 전
J-VAD14 : 몇초 전
J-VAD15 : 몇초 전
J-VAD16 : 몇초 전
J-VAD17 : 한시간 전
J-VAD19 : 몇초 전
J-VAD20 : 몇초 전
Tapering1 : 몇초 전
L-Lathe4 : 몇초 전
L-Lathe5 : 27일 전
L-Lathe6 : 9시간 전
L-Lathe8 : 몇초 전
L-Lathe9 : 몇초 전
L-Lathe10 : 몇초 전
L-Lathe12 : 4시간 전
L-Lathe13 : 2시간 전
L-Furnace5 : 21일 전
L-Furnace6 : 몇초 전
L-Furnace7 : 몇초 전
L-Furnace8 : 3시간 전
L-Furnace9 : 몇초 전
L-Furnace10 : 몇초 전
L-Furnace11 : 29일 전
L-Furnace12 : 몇초 전
L-Furnace13 : 2시간 전
V-Furnace1 : 몇초 전
V-Furnace2 : 몇초 전
V-Furnace3 : 5시간 전
V-Furnace4 : 6시간 전
R-Furnace2 : 10시간 전
R-Furnace3 : 몇초 전
R-Furnace4 : 11시간 전
R-Furnace5 : 5시간 전
L-Drawing-2 : 몇초 전
L-Drawing-4 : 몇초 전
L-Drawing-5 : 몇초 전
L-Drawing-6 : 몇초 전
L-Drawing-7 : 몇초 전
L-Drawing-10 : 25분 전
L-Drawing-11 : 몇초 전
L-Drawing-12 : 12분 전
T-Drawing-13 : 몇초 전
T-Drawing-14 : 몇초 전
T-Drawing-15 : 몇초 전
T-Drawing-16 : 몇초 전
N-Drawing-17 : 몇초 전
N-Drawing-18 : 몇초 전
N-Drawing-19 : 몇초 전
N-Drawing-20 : 몇초 전
Rewinding1 : 20일 전
Rewinding2 : 20일 전
Rewinding4 : 일분 전
Rewinding5 : 몇초 전
Rewinding6 : 3분 전
Rewinding8 : 몇초 전
Rewinding9 : 몇초 전
Rewinding10 : 3일 전
Rewinding11 : 55분 전
Rewinding12 : 2일 전
Rewinding13 : 5분 전
Rewinding14 : 몇초 전
Rewinding15 : 몇초 전
Rewinding16 : 2분 전
Rewinding17 : 54분 전
Rewinding25 : 21시간 전
Rewinding26 : 21시간 전
Rewinding27 : 몇초 전
Rewinding28 : 5시간 전
Rewinding29 : 4분 전
Rewinding30 : 5분 전
Rewinding32 : 5분 전
Rewinding41 : 6시간 전
Rewinding42 : 일분 전
Rewinding43 : 7분 전
Rewinding44 : 2분 전
