L-VAD1 : 몇초 전
L-VAD2 : 35분 전
L-VAD3 : 몇초 전
L-VAD4 : 15일 전
L-VAD5 : 몇초 전
L-VAD7 : 21시간 전
L-VAD8 : 3시간 전
L-VAD9 : 몇초 전
L-VAD10 : 몇초 전
L-VAD11 : 몇초 전
L-VAD16 : 5일 전
L-VAD17 : 7시간 전
L-VAD18 : 하루 전
J-VAD10 : 몇초 전
J-VAD11 : 몇초 전
J-VAD12 : 42분 전
J-VAD13 : 몇초 전
J-VAD14 : 몇초 전
J-VAD15 : 몇초 전
J-VAD16 : 몇초 전
J-VAD17 : 몇초 전
J-VAD19 : 몇초 전
J-VAD20 : 몇초 전
Tapering1 : 21시간 전
Sintering1 : 13일 전
L-Lathe4 : 몇초 전
L-Lathe5 : 21일 전
L-Lathe6 : 15시간 전
L-Lathe8 : 몇초 전
L-Lathe9 : 한시간 전
L-Lathe10 : 한시간 전
L-Lathe12 : 4시간 전
L-Lathe13 : 2시간 전
L-Furnace5 : 15일 전
L-Furnace6 : 몇초 전
L-Furnace7 : 한시간 전
L-Furnace8 : 몇초 전
L-Furnace9 : 몇초 전
L-Furnace10 : 몇초 전
L-Furnace11 : 23일 전
L-Furnace12 : 20시간 전
L-Furnace13 : 2시간 전
V-Furnace1 : 한시간 전
V-Furnace2 : 몇초 전
V-Furnace3 : 몇초 전
V-Furnace4 : 몇초 전
R-Furnace2 : 16시간 전
R-Furnace3 : 몇초 전
R-Furnace4 : 17시간 전
R-Furnace5 : 14분 전
L-Drawing-2 : 2분 전
L-Drawing-4 : 2분 전
L-Drawing-5 : 26분 전
L-Drawing-6 : 2분 전
L-Drawing-7 : 2분 전
L-Drawing-8 : 4일 전
L-Drawing-10 : 2분 전
L-Drawing-11 : 2분 전
L-Drawing-12 : 2분 전
T-Drawing-13 : 13시간 전
T-Drawing-14 : 13시간 전
T-Drawing-15 : 2분 전
T-Drawing-16 : 2분 전
N-Drawing-17 : 2분 전
N-Drawing-18 : 2분 전
N-Drawing-20 : 2분 전
Rewinding1 : 14일 전
Rewinding2 : 14일 전
Rewinding4 : 19시간 전
Rewinding5 : 33분 전
Rewinding6 : 2분 전
Rewinding8 : 2분 전
Rewinding9 : 2분 전
Rewinding10 : 5분 전
Rewinding11 : 13분 전
Rewinding12 : 2분 전
Rewinding13 : 2분 전
Rewinding14 : 6분 전
Rewinding15 : 19분 전
Rewinding16 : 2분 전
Rewinding17 : 2분 전
Rewinding25 : 9분 전
Rewinding26 : 49분 전
Rewinding27 : 3분 전
Rewinding28 : 14분 전
Rewinding29 : 6분 전
Rewinding30 : 6분 전
Rewinding32 : 2분 전
Rewinding41 : 3분 전
Rewinding42 : 2분 전
Rewinding43 : 14분 전
Rewinding44 : 2분 전
